02-28 21:00:35 com_github_MitjaNemec_ReplicateLayout.action_replicate_layout 409:Plugin executed on: 'linux'
02-28 21:00:35 com_github_MitjaNemec_ReplicateLayout.action_replicate_layout 410:Plugin executed with python version: '3.13.11 (main, Nov 10 2011, 15:00:00) [GCC 15.2.0]'
02-28 21:00:35 com_github_MitjaNemec_ReplicateLayout.action_replicate_layout 411:KiCad build version: 9.0.7
02-28 21:00:35 com_github_MitjaNemec_ReplicateLayout.action_replicate_layout 412:Plugin version: 4.0.3
02-28 21:00:35 com_github_MitjaNemec_ReplicateLayout.action_replicate_layout 413:Frame repr: <wx._core.Frame object at 0x765e6a373020>
02-28 21:00:35 com_github_MitjaNemec_ReplicateLayout.action_replicate_layout 437:Preparing replicator with K2 as a reference
02-28 21:00:35 com_github_MitjaNemec_ReplicateLayout.replicate_layout 117:getting a list of all footprints on board
02-28 21:00:35 com_github_MitjaNemec_ReplicateLayout.action_replicate_layout 485:source anchor footprint is 'K2'
Located on: ['/Relay_channel/']
With filenames: ['relay_channel.kicad_sch']
With sheet_id:['/Relay_channel/']
02-28 21:00:35 com_github_MitjaNemec_ReplicateLayout.action_replicate_layout 492:Corresponding footprints are 
[('K28', ['/Relay_channel13/']), ('K30', ['/Relay_channel14/']), ('K26', ['/Relay_channel12/']), ('K24', ['/Relay_channel11/']), ('K22', ['/Relay_channel10/']), ('K20', ['/Relay_channel9/']), ('K18', ['/Relay_channel8/']), ('K16', ['/Relay_channel7/']), ('K14', ['/Relay_channel6/']), ('K12', ['/Relay_channel5/']), ('K10', ['/Relay_channel4/']), ('K8', ['/Relay_channel3/']), ('K6', ['/Relay_channel2/']), ('K4', ['/Relay_channel1/']), ('K2', ['/Relay_channel/'])]
02-28 21:00:35 com_github_MitjaNemec_ReplicateLayout.action_replicate_layout 504:Showing dialog
02-28 21:00:35 com_github_MitjaNemec_ReplicateLayout.replicate_layout 472:constructing a list of sheets suitable for replication on level:'/Relay_channel/', file:'relay_channel.kicad_sch'
02-28 21:00:35 com_github_MitjaNemec_ReplicateLayout.replicate_layout 509:suitable sheets are:[['/Relay_channel1/'], ['/Relay_channel10/'], ['/Relay_channel11/'], ['/Relay_channel12/'], ['/Relay_channel13/'], ['/Relay_channel14/'], ['/Relay_channel2/'], ['/Relay_channel3/'], ['/Relay_channel4/'], ['/Relay_channel5/'], ['/Relay_channel6/'], ['/Relay_channel7/'], ['/Relay_channel8/'], ['/Relay_channel9/']]
02-28 21:00:35 com_github_MitjaNemec_ReplicateLayout.replicate_layout 1512:Level selected: ['/Relay_channel/']
02-28 21:00:35 com_github_MitjaNemec_ReplicateLayout.replicate_layout 1336:Filtering list of tracks
02-28 21:00:35 com_github_MitjaNemec_ReplicateLayout.action_replicate_layout 510:Toolbar position: wx.Point(1776, 192)
02-28 21:00:35 com_github_MitjaNemec_ReplicateLayout.action_replicate_layout 515:Dialog position: wx.Point(1337, 192)
02-28 21:00:42 com_github_MitjaNemec_ReplicateLayout.replicate_layout 472:constructing a list of sheets suitable for replication on level:'/Relay_channel/', file:'relay_channel.kicad_sch'
02-28 21:00:42 com_github_MitjaNemec_ReplicateLayout.replicate_layout 509:suitable sheets are:[['/Relay_channel1/'], ['/Relay_channel10/'], ['/Relay_channel11/'], ['/Relay_channel12/'], ['/Relay_channel13/'], ['/Relay_channel14/'], ['/Relay_channel2/'], ['/Relay_channel3/'], ['/Relay_channel4/'], ['/Relay_channel5/'], ['/Relay_channel6/'], ['/Relay_channel7/'], ['/Relay_channel8/'], ['/Relay_channel9/']]
02-28 21:00:42 com_github_MitjaNemec_ReplicateLayout.action_replicate_layout 248:Replicating layout
02-28 21:00:42 com_github_MitjaNemec_ReplicateLayout.replicate_layout 288:Starting replication of sheets: [['/Relay_channel1/'], ['/Relay_channel10/'], ['/Relay_channel11/'], ['/Relay_channel12/'], ['/Relay_channel13/'], ['/Relay_channel14/'], ['/Relay_channel2/'], ['/Relay_channel3/'], ['/Relay_channel4/'], ['/Relay_channel5/'], ['/Relay_channel6/'], ['/Relay_channel7/'], ['/Relay_channel8/'], ['/Relay_channel9/']]
on level: ['/Relay_channel/']
with tracks=True, zone=True, text=True, text=True, intersecting=False, remove=False, locked footprints=False, group_only=False
02-28 21:00:42 root 340:updating GUI message: 'Preparing for replication'
02-28 21:00:43 root 345:updating GUI with: 0
02-28 21:00:43 com_github_MitjaNemec_ReplicateLayout.replicate_layout 358:Getting the list of source footprints
02-28 21:00:43 root 345:updating GUI with: 0
02-28 21:00:43 com_github_MitjaNemec_ReplicateLayout.replicate_layout 368:Getting the list of all the remaining footprints
02-28 21:00:43 com_github_MitjaNemec_ReplicateLayout.replicate_layout 375:Getting source tracks
02-28 21:00:43 com_github_MitjaNemec_ReplicateLayout.replicate_layout 1336:Filtering list of tracks
02-28 21:00:43 com_github_MitjaNemec_ReplicateLayout.replicate_layout 379:Getting source zones
02-28 21:00:43 com_github_MitjaNemec_ReplicateLayout.replicate_layout 383:Getting source text items
02-28 21:00:43 com_github_MitjaNemec_ReplicateLayout.replicate_layout 387:Getting source drawing items
02-28 21:00:43 root 340:updating GUI message: 'Replicating footprints'
02-28 21:00:43 com_github_MitjaNemec_ReplicateLayout.replicate_layout 863:Replicating footprints
02-28 21:00:43 com_github_MitjaNemec_ReplicateLayout.replicate_layout 870:Replicating footprints on sheet ['/Relay_channel1/']
02-28 21:00:43 com_github_MitjaNemec_ReplicateLayout.replicate_layout 835:Src fp.id: 'FF916D05-15F0-4F60-936D-414F72B9CF42'
02-28 21:00:43 com_github_MitjaNemec_ReplicateLayout.replicate_layout 839:Dst fp.id: 'FF916D05-15F0-4F60-936D-414F72B9CF42'
02-28 21:00:43 com_github_MitjaNemec_ReplicateLayout.replicate_layout 888:Replicating footprint: 'K2'
02-28 21:00:43 com_github_MitjaNemec_ReplicateLayout.replicate_layout 835:Src fp.id: 'FF916D05-15F0-4F60-936D-414F72B9CF42'
02-28 21:00:43 com_github_MitjaNemec_ReplicateLayout.replicate_layout 839:Dst fp.id: 'FF916D05-15F0-4F60-936D-414F72B9CF42'
02-28 21:00:43 com_github_MitjaNemec_ReplicateLayout.replicate_layout 895:found match in dst footprint: 'K4'
02-28 21:00:43 com_github_MitjaNemec_ReplicateLayout.replicate_layout 990:Src text UUid:9f35fb59-0297-40f2-a3a0-c20d704bde8d
02-28 21:00:43 com_github_MitjaNemec_ReplicateLayout.replicate_layout 991:Dst text UUid:376bae97-9943-4d71-8e45-e1ea82558134
02-28 21:00:43 com_github_MitjaNemec_ReplicateLayout.replicate_layout 990:Src text UUid:c432aa89-6e18-473a-a398-aa185ac77305
02-28 21:00:43 com_github_MitjaNemec_ReplicateLayout.replicate_layout 991:Dst text UUid:2d3f011b-d634-4cb2-b85b-35180b61723c
02-28 21:00:43 com_github_MitjaNemec_ReplicateLayout.replicate_layout 990:Src text UUid:1570c505-6057-4969-803c-f89a894e4b29
02-28 21:00:43 com_github_MitjaNemec_ReplicateLayout.replicate_layout 991:Dst text UUid:adf2ce04-2dfe-4d13-8c88-29ac59f77a21
02-28 21:00:43 com_github_MitjaNemec_ReplicateLayout.replicate_layout 888:Replicating footprint: 'K1'
02-28 21:00:43 root 345:updating GUI with: 7
02-28 21:00:43 com_github_MitjaNemec_ReplicateLayout.replicate_layout 835:Src fp.id: '46657E1E-1DE6-48B3-9696-45E3378258BD'
02-28 21:00:43 com_github_MitjaNemec_ReplicateLayout.replicate_layout 839:Dst fp.id: '46657E1E-1DE6-48B3-9696-45E3378258BD'
02-28 21:00:43 com_github_MitjaNemec_ReplicateLayout.replicate_layout 895:found match in dst footprint: 'K3'
02-28 21:00:43 com_github_MitjaNemec_ReplicateLayout.replicate_layout 990:Src text UUid:00c5c0ea-54be-4e03-8345-7e7b205be6c4
02-28 21:00:43 com_github_MitjaNemec_ReplicateLayout.replicate_layout 991:Dst text UUid:3592b70b-60a2-458a-9176-680439dc207a
02-28 21:00:43 com_github_MitjaNemec_ReplicateLayout.replicate_layout 990:Src text UUid:4d836d20-4b23-42d3-9896-3e9ef5ca7fe1
02-28 21:00:43 com_github_MitjaNemec_ReplicateLayout.replicate_layout 991:Dst text UUid:b2dc7ff9-c964-4e23-87cf-a6fcfe443749
02-28 21:00:43 com_github_MitjaNemec_ReplicateLayout.replicate_layout 990:Src text UUid:cac09986-c71d-4294-9f0d-3e0fdbf9b687
02-28 21:00:43 com_github_MitjaNemec_ReplicateLayout.replicate_layout 991:Dst text UUid:7c79c8ef-cadd-4d37-8bdc-6f2a7eeee14f
02-28 21:00:43 com_github_MitjaNemec_ReplicateLayout.replicate_layout 870:Replicating footprints on sheet ['/Relay_channel10/']
02-28 21:00:43 com_github_MitjaNemec_ReplicateLayout.replicate_layout 835:Src fp.id: 'FF916D05-15F0-4F60-936D-414F72B9CF42'
02-28 21:00:43 com_github_MitjaNemec_ReplicateLayout.replicate_layout 839:Dst fp.id: 'FF916D05-15F0-4F60-936D-414F72B9CF42'
02-28 21:00:43 com_github_MitjaNemec_ReplicateLayout.replicate_layout 888:Replicating footprint: 'K2'
02-28 21:00:43 com_github_MitjaNemec_ReplicateLayout.replicate_layout 835:Src fp.id: 'FF916D05-15F0-4F60-936D-414F72B9CF42'
02-28 21:00:43 com_github_MitjaNemec_ReplicateLayout.replicate_layout 839:Dst fp.id: 'FF916D05-15F0-4F60-936D-414F72B9CF42'
02-28 21:00:43 com_github_MitjaNemec_ReplicateLayout.replicate_layout 895:found match in dst footprint: 'K22'
02-28 21:00:43 com_github_MitjaNemec_ReplicateLayout.replicate_layout 990:Src text UUid:9f35fb59-0297-40f2-a3a0-c20d704bde8d
02-28 21:00:43 com_github_MitjaNemec_ReplicateLayout.replicate_layout 991:Dst text UUid:0ec5c918-9ba6-4cbe-b9f6-abc68b5a6148
02-28 21:00:43 com_github_MitjaNemec_ReplicateLayout.replicate_layout 990:Src text UUid:c432aa89-6e18-473a-a398-aa185ac77305
02-28 21:00:43 com_github_MitjaNemec_ReplicateLayout.replicate_layout 991:Dst text UUid:08c6ce4e-471b-4966-b447-a34cb2aa3d98
02-28 21:00:43 com_github_MitjaNemec_ReplicateLayout.replicate_layout 990:Src text UUid:1570c505-6057-4969-803c-f89a894e4b29
02-28 21:00:43 com_github_MitjaNemec_ReplicateLayout.replicate_layout 991:Dst text UUid:88ab48ed-3157-4f21-bd4e-e583111d9867
02-28 21:00:43 com_github_MitjaNemec_ReplicateLayout.replicate_layout 888:Replicating footprint: 'K1'
02-28 21:00:43 com_github_MitjaNemec_ReplicateLayout.replicate_layout 835:Src fp.id: '46657E1E-1DE6-48B3-9696-45E3378258BD'
02-28 21:00:43 com_github_MitjaNemec_ReplicateLayout.replicate_layout 839:Dst fp.id: '46657E1E-1DE6-48B3-9696-45E3378258BD'
02-28 21:00:43 com_github_MitjaNemec_ReplicateLayout.replicate_layout 895:found match in dst footprint: 'K21'
02-28 21:00:43 com_github_MitjaNemec_ReplicateLayout.replicate_layout 990:Src text UUid:00c5c0ea-54be-4e03-8345-7e7b205be6c4
02-28 21:00:43 com_github_MitjaNemec_ReplicateLayout.replicate_layout 991:Dst text UUid:d908faac-97ed-4afb-abaf-982e82ee52c5
02-28 21:00:43 com_github_MitjaNemec_ReplicateLayout.replicate_layout 990:Src text UUid:4d836d20-4b23-42d3-9896-3e9ef5ca7fe1
02-28 21:00:43 com_github_MitjaNemec_ReplicateLayout.replicate_layout 991:Dst text UUid:54d04b0a-be57-444d-ac35-724c53ae1a33
02-28 21:00:43 com_github_MitjaNemec_ReplicateLayout.replicate_layout 990:Src text UUid:cac09986-c71d-4294-9f0d-3e0fdbf9b687
02-28 21:00:43 com_github_MitjaNemec_ReplicateLayout.replicate_layout 991:Dst text UUid:eab47c77-ee67-48b0-a8c8-311113460395
02-28 21:00:43 com_github_MitjaNemec_ReplicateLayout.replicate_layout 870:Replicating footprints on sheet ['/Relay_channel11/']
02-28 21:00:43 com_github_MitjaNemec_ReplicateLayout.replicate_layout 835:Src fp.id: 'FF916D05-15F0-4F60-936D-414F72B9CF42'
02-28 21:00:43 com_github_MitjaNemec_ReplicateLayout.replicate_layout 839:Dst fp.id: 'FF916D05-15F0-4F60-936D-414F72B9CF42'
02-28 21:00:43 com_github_MitjaNemec_ReplicateLayout.replicate_layout 888:Replicating footprint: 'K2'
02-28 21:00:43 com_github_MitjaNemec_ReplicateLayout.replicate_layout 835:Src fp.id: 'FF916D05-15F0-4F60-936D-414F72B9CF42'
02-28 21:00:43 com_github_MitjaNemec_ReplicateLayout.replicate_layout 839:Dst fp.id: 'FF916D05-15F0-4F60-936D-414F72B9CF42'
02-28 21:00:43 com_github_MitjaNemec_ReplicateLayout.replicate_layout 895:found match in dst footprint: 'K24'
02-28 21:00:43 com_github_MitjaNemec_ReplicateLayout.replicate_layout 990:Src text UUid:9f35fb59-0297-40f2-a3a0-c20d704bde8d
02-28 21:00:43 com_github_MitjaNemec_ReplicateLayout.replicate_layout 991:Dst text UUid:865d5a92-6e0b-4999-a577-d4d5de44902d
02-28 21:00:43 com_github_MitjaNemec_ReplicateLayout.replicate_layout 990:Src text UUid:c432aa89-6e18-473a-a398-aa185ac77305
02-28 21:00:43 com_github_MitjaNemec_ReplicateLayout.replicate_layout 991:Dst text UUid:82f97823-00c0-44bd-b968-c0bcd6628900
02-28 21:00:43 com_github_MitjaNemec_ReplicateLayout.replicate_layout 990:Src text UUid:1570c505-6057-4969-803c-f89a894e4b29
02-28 21:00:43 com_github_MitjaNemec_ReplicateLayout.replicate_layout 991:Dst text UUid:e4c70114-1edb-4090-99df-633044fa82ee
02-28 21:00:43 com_github_MitjaNemec_ReplicateLayout.replicate_layout 888:Replicating footprint: 'K1'
02-28 21:00:43 com_github_MitjaNemec_ReplicateLayout.replicate_layout 835:Src fp.id: '46657E1E-1DE6-48B3-9696-45E3378258BD'
02-28 21:00:43 com_github_MitjaNemec_ReplicateLayout.replicate_layout 839:Dst fp.id: '46657E1E-1DE6-48B3-9696-45E3378258BD'
02-28 21:00:43 com_github_MitjaNemec_ReplicateLayout.replicate_layout 895:found match in dst footprint: 'K23'
02-28 21:00:43 com_github_MitjaNemec_ReplicateLayout.replicate_layout 990:Src text UUid:00c5c0ea-54be-4e03-8345-7e7b205be6c4
02-28 21:00:43 com_github_MitjaNemec_ReplicateLayout.replicate_layout 991:Dst text UUid:49b2fb25-a7fa-47e0-9343-c08aa63a9346
02-28 21:00:43 com_github_MitjaNemec_ReplicateLayout.replicate_layout 990:Src text UUid:4d836d20-4b23-42d3-9896-3e9ef5ca7fe1
02-28 21:00:43 com_github_MitjaNemec_ReplicateLayout.replicate_layout 991:Dst text UUid:01db8dae-e5a3-4f1c-96be-713cff2aed07
02-28 21:00:43 com_github_MitjaNemec_ReplicateLayout.replicate_layout 990:Src text UUid:cac09986-c71d-4294-9f0d-3e0fdbf9b687
02-28 21:00:43 com_github_MitjaNemec_ReplicateLayout.replicate_layout 991:Dst text UUid:9a577998-eb6d-42e5-b2ee-d2828bf2ef9b
02-28 21:00:43 com_github_MitjaNemec_ReplicateLayout.replicate_layout 870:Replicating footprints on sheet ['/Relay_channel12/']
02-28 21:00:43 com_github_MitjaNemec_ReplicateLayout.replicate_layout 835:Src fp.id: 'FF916D05-15F0-4F60-936D-414F72B9CF42'
02-28 21:00:43 com_github_MitjaNemec_ReplicateLayout.replicate_layout 839:Dst fp.id: 'FF916D05-15F0-4F60-936D-414F72B9CF42'
02-28 21:00:43 com_github_MitjaNemec_ReplicateLayout.replicate_layout 888:Replicating footprint: 'K2'
02-28 21:00:43 com_github_MitjaNemec_ReplicateLayout.replicate_layout 835:Src fp.id: 'FF916D05-15F0-4F60-936D-414F72B9CF42'
02-28 21:00:43 com_github_MitjaNemec_ReplicateLayout.replicate_layout 839:Dst fp.id: 'FF916D05-15F0-4F60-936D-414F72B9CF42'
02-28 21:00:43 com_github_MitjaNemec_ReplicateLayout.replicate_layout 895:found match in dst footprint: 'K26'
02-28 21:00:43 com_github_MitjaNemec_ReplicateLayout.replicate_layout 990:Src text UUid:9f35fb59-0297-40f2-a3a0-c20d704bde8d
02-28 21:00:43 com_github_MitjaNemec_ReplicateLayout.replicate_layout 991:Dst text UUid:fb9042f4-2189-402e-8d6b-98dca3cee48b
02-28 21:00:43 com_github_MitjaNemec_ReplicateLayout.replicate_layout 990:Src text UUid:c432aa89-6e18-473a-a398-aa185ac77305
02-28 21:00:43 com_github_MitjaNemec_ReplicateLayout.replicate_layout 991:Dst text UUid:0a20397f-a799-4682-bc35-b95c9f8ba73d
02-28 21:00:43 com_github_MitjaNemec_ReplicateLayout.replicate_layout 990:Src text UUid:1570c505-6057-4969-803c-f89a894e4b29
02-28 21:00:43 com_github_MitjaNemec_ReplicateLayout.replicate_layout 991:Dst text UUid:751ca4df-dc0e-46a9-9fa5-64a8b16f56df
02-28 21:00:43 com_github_MitjaNemec_ReplicateLayout.replicate_layout 888:Replicating footprint: 'K1'
02-28 21:00:43 root 345:updating GUI with: 28
02-28 21:00:43 com_github_MitjaNemec_ReplicateLayout.replicate_layout 835:Src fp.id: '46657E1E-1DE6-48B3-9696-45E3378258BD'
02-28 21:00:43 com_github_MitjaNemec_ReplicateLayout.replicate_layout 839:Dst fp.id: '46657E1E-1DE6-48B3-9696-45E3378258BD'
02-28 21:00:43 com_github_MitjaNemec_ReplicateLayout.replicate_layout 895:found match in dst footprint: 'K25'
02-28 21:00:43 com_github_MitjaNemec_ReplicateLayout.replicate_layout 990:Src text UUid:00c5c0ea-54be-4e03-8345-7e7b205be6c4
02-28 21:00:43 com_github_MitjaNemec_ReplicateLayout.replicate_layout 991:Dst text UUid:a3fdb114-c9df-4936-af13-9cc4128c41a1
02-28 21:00:43 com_github_MitjaNemec_ReplicateLayout.replicate_layout 990:Src text UUid:4d836d20-4b23-42d3-9896-3e9ef5ca7fe1
02-28 21:00:43 com_github_MitjaNemec_ReplicateLayout.replicate_layout 991:Dst text UUid:77b3d948-8af2-45f8-aa59-2c948d76a983
02-28 21:00:43 com_github_MitjaNemec_ReplicateLayout.replicate_layout 990:Src text UUid:cac09986-c71d-4294-9f0d-3e0fdbf9b687
02-28 21:00:43 com_github_MitjaNemec_ReplicateLayout.replicate_layout 991:Dst text UUid:0dd75019-092d-45b4-87a3-e3d738990919
02-28 21:00:43 com_github_MitjaNemec_ReplicateLayout.replicate_layout 870:Replicating footprints on sheet ['/Relay_channel13/']
02-28 21:00:43 com_github_MitjaNemec_ReplicateLayout.replicate_layout 835:Src fp.id: 'FF916D05-15F0-4F60-936D-414F72B9CF42'
02-28 21:00:43 com_github_MitjaNemec_ReplicateLayout.replicate_layout 839:Dst fp.id: 'FF916D05-15F0-4F60-936D-414F72B9CF42'
02-28 21:00:43 com_github_MitjaNemec_ReplicateLayout.replicate_layout 888:Replicating footprint: 'K2'
02-28 21:00:43 com_github_MitjaNemec_ReplicateLayout.replicate_layout 835:Src fp.id: 'FF916D05-15F0-4F60-936D-414F72B9CF42'
02-28 21:00:43 com_github_MitjaNemec_ReplicateLayout.replicate_layout 839:Dst fp.id: 'FF916D05-15F0-4F60-936D-414F72B9CF42'
02-28 21:00:43 com_github_MitjaNemec_ReplicateLayout.replicate_layout 895:found match in dst footprint: 'K28'
02-28 21:00:43 com_github_MitjaNemec_ReplicateLayout.replicate_layout 990:Src text UUid:9f35fb59-0297-40f2-a3a0-c20d704bde8d
02-28 21:00:43 com_github_MitjaNemec_ReplicateLayout.replicate_layout 991:Dst text UUid:39df8870-48fd-4ab8-b0e4-06fc298fe1a4
02-28 21:00:43 com_github_MitjaNemec_ReplicateLayout.replicate_layout 990:Src text UUid:c432aa89-6e18-473a-a398-aa185ac77305
02-28 21:00:43 com_github_MitjaNemec_ReplicateLayout.replicate_layout 991:Dst text UUid:4964bc65-6a9e-4ab2-8e0b-84b54c409df5
02-28 21:00:43 com_github_MitjaNemec_ReplicateLayout.replicate_layout 990:Src text UUid:1570c505-6057-4969-803c-f89a894e4b29
02-28 21:00:43 com_github_MitjaNemec_ReplicateLayout.replicate_layout 991:Dst text UUid:0ee37724-a928-4fb0-b9c0-2cb0b12b78ad
02-28 21:00:43 com_github_MitjaNemec_ReplicateLayout.replicate_layout 888:Replicating footprint: 'K1'
02-28 21:00:43 com_github_MitjaNemec_ReplicateLayout.replicate_layout 835:Src fp.id: '46657E1E-1DE6-48B3-9696-45E3378258BD'
02-28 21:00:43 com_github_MitjaNemec_ReplicateLayout.replicate_layout 839:Dst fp.id: '46657E1E-1DE6-48B3-9696-45E3378258BD'
02-28 21:00:43 com_github_MitjaNemec_ReplicateLayout.replicate_layout 895:found match in dst footprint: 'K27'
02-28 21:00:43 com_github_MitjaNemec_ReplicateLayout.replicate_layout 990:Src text UUid:00c5c0ea-54be-4e03-8345-7e7b205be6c4
02-28 21:00:43 com_github_MitjaNemec_ReplicateLayout.replicate_layout 991:Dst text UUid:469895d9-e63c-488d-bbfa-2f6085cb0142
02-28 21:00:43 com_github_MitjaNemec_ReplicateLayout.replicate_layout 990:Src text UUid:4d836d20-4b23-42d3-9896-3e9ef5ca7fe1
02-28 21:00:43 com_github_MitjaNemec_ReplicateLayout.replicate_layout 991:Dst text UUid:d61fb464-3d9c-40da-a319-09bc761b4bed
02-28 21:00:43 com_github_MitjaNemec_ReplicateLayout.replicate_layout 990:Src text UUid:cac09986-c71d-4294-9f0d-3e0fdbf9b687
02-28 21:00:43 com_github_MitjaNemec_ReplicateLayout.replicate_layout 991:Dst text UUid:02f04f7f-2ee9-4ffa-9cf7-5d91c1a69c58
02-28 21:00:43 com_github_MitjaNemec_ReplicateLayout.replicate_layout 870:Replicating footprints on sheet ['/Relay_channel14/']
02-28 21:00:43 com_github_MitjaNemec_ReplicateLayout.replicate_layout 835:Src fp.id: 'FF916D05-15F0-4F60-936D-414F72B9CF42'
02-28 21:00:43 com_github_MitjaNemec_ReplicateLayout.replicate_layout 839:Dst fp.id: 'FF916D05-15F0-4F60-936D-414F72B9CF42'
02-28 21:00:43 com_github_MitjaNemec_ReplicateLayout.replicate_layout 888:Replicating footprint: 'K2'
02-28 21:00:43 com_github_MitjaNemec_ReplicateLayout.replicate_layout 835:Src fp.id: 'FF916D05-15F0-4F60-936D-414F72B9CF42'
02-28 21:00:43 com_github_MitjaNemec_ReplicateLayout.replicate_layout 839:Dst fp.id: 'FF916D05-15F0-4F60-936D-414F72B9CF42'
02-28 21:00:43 com_github_MitjaNemec_ReplicateLayout.replicate_layout 895:found match in dst footprint: 'K30'
02-28 21:00:43 com_github_MitjaNemec_ReplicateLayout.replicate_layout 990:Src text UUid:9f35fb59-0297-40f2-a3a0-c20d704bde8d
02-28 21:00:43 com_github_MitjaNemec_ReplicateLayout.replicate_layout 991:Dst text UUid:55e88600-5e68-45de-afe2-9b9b651a8c34
02-28 21:00:43 com_github_MitjaNemec_ReplicateLayout.replicate_layout 990:Src text UUid:c432aa89-6e18-473a-a398-aa185ac77305
02-28 21:00:43 com_github_MitjaNemec_ReplicateLayout.replicate_layout 991:Dst text UUid:ca15cabf-83fc-485e-8ca9-2ff528317428
02-28 21:00:43 com_github_MitjaNemec_ReplicateLayout.replicate_layout 990:Src text UUid:1570c505-6057-4969-803c-f89a894e4b29
02-28 21:00:43 com_github_MitjaNemec_ReplicateLayout.replicate_layout 991:Dst text UUid:97a212df-1489-425f-84d9-6a89c2fc9a4a
02-28 21:00:43 com_github_MitjaNemec_ReplicateLayout.replicate_layout 888:Replicating footprint: 'K1'
02-28 21:00:43 com_github_MitjaNemec_ReplicateLayout.replicate_layout 835:Src fp.id: '46657E1E-1DE6-48B3-9696-45E3378258BD'
02-28 21:00:43 com_github_MitjaNemec_ReplicateLayout.replicate_layout 839:Dst fp.id: '46657E1E-1DE6-48B3-9696-45E3378258BD'
02-28 21:00:43 com_github_MitjaNemec_ReplicateLayout.replicate_layout 895:found match in dst footprint: 'K29'
02-28 21:00:43 com_github_MitjaNemec_ReplicateLayout.replicate_layout 990:Src text UUid:00c5c0ea-54be-4e03-8345-7e7b205be6c4
02-28 21:00:43 com_github_MitjaNemec_ReplicateLayout.replicate_layout 991:Dst text UUid:6de77738-6869-43bc-8acb-9571ff867a7d
02-28 21:00:43 com_github_MitjaNemec_ReplicateLayout.replicate_layout 990:Src text UUid:4d836d20-4b23-42d3-9896-3e9ef5ca7fe1
02-28 21:00:43 com_github_MitjaNemec_ReplicateLayout.replicate_layout 991:Dst text UUid:5ca75dc6-7435-4597-81cf-77da4f9a3e1c
02-28 21:00:43 com_github_MitjaNemec_ReplicateLayout.replicate_layout 990:Src text UUid:cac09986-c71d-4294-9f0d-3e0fdbf9b687
02-28 21:00:43 com_github_MitjaNemec_ReplicateLayout.replicate_layout 991:Dst text UUid:344d2b9c-a579-4e86-bcdc-c706715c6544
02-28 21:00:43 com_github_MitjaNemec_ReplicateLayout.replicate_layout 870:Replicating footprints on sheet ['/Relay_channel2/']
02-28 21:00:43 com_github_MitjaNemec_ReplicateLayout.replicate_layout 835:Src fp.id: 'FF916D05-15F0-4F60-936D-414F72B9CF42'
02-28 21:00:43 com_github_MitjaNemec_ReplicateLayout.replicate_layout 839:Dst fp.id: 'FF916D05-15F0-4F60-936D-414F72B9CF42'
02-28 21:00:43 com_github_MitjaNemec_ReplicateLayout.replicate_layout 888:Replicating footprint: 'K2'
02-28 21:00:43 com_github_MitjaNemec_ReplicateLayout.replicate_layout 835:Src fp.id: 'FF916D05-15F0-4F60-936D-414F72B9CF42'
02-28 21:00:43 com_github_MitjaNemec_ReplicateLayout.replicate_layout 839:Dst fp.id: 'FF916D05-15F0-4F60-936D-414F72B9CF42'
02-28 21:00:43 com_github_MitjaNemec_ReplicateLayout.replicate_layout 895:found match in dst footprint: 'K6'
02-28 21:00:43 com_github_MitjaNemec_ReplicateLayout.replicate_layout 990:Src text UUid:9f35fb59-0297-40f2-a3a0-c20d704bde8d
02-28 21:00:43 com_github_MitjaNemec_ReplicateLayout.replicate_layout 991:Dst text UUid:b06050c6-fa7f-4c13-ad90-35e40fcea4f6
02-28 21:00:43 com_github_MitjaNemec_ReplicateLayout.replicate_layout 990:Src text UUid:c432aa89-6e18-473a-a398-aa185ac77305
02-28 21:00:43 com_github_MitjaNemec_ReplicateLayout.replicate_layout 991:Dst text UUid:e8e0393a-cd7c-42c9-8f55-9c6daefdd971
02-28 21:00:43 com_github_MitjaNemec_ReplicateLayout.replicate_layout 990:Src text UUid:1570c505-6057-4969-803c-f89a894e4b29
02-28 21:00:43 com_github_MitjaNemec_ReplicateLayout.replicate_layout 991:Dst text UUid:d8526cb1-e6e8-49f9-8dca-fd23dbc475cf
02-28 21:00:43 com_github_MitjaNemec_ReplicateLayout.replicate_layout 888:Replicating footprint: 'K1'
02-28 21:00:43 com_github_MitjaNemec_ReplicateLayout.replicate_layout 835:Src fp.id: '46657E1E-1DE6-48B3-9696-45E3378258BD'
02-28 21:00:43 com_github_MitjaNemec_ReplicateLayout.replicate_layout 839:Dst fp.id: '46657E1E-1DE6-48B3-9696-45E3378258BD'
02-28 21:00:43 com_github_MitjaNemec_ReplicateLayout.replicate_layout 895:found match in dst footprint: 'K5'
02-28 21:00:43 com_github_MitjaNemec_ReplicateLayout.replicate_layout 990:Src text UUid:00c5c0ea-54be-4e03-8345-7e7b205be6c4
02-28 21:00:43 com_github_MitjaNemec_ReplicateLayout.replicate_layout 991:Dst text UUid:edfaab51-5a7d-4ca3-ae25-574105290706
02-28 21:00:43 com_github_MitjaNemec_ReplicateLayout.replicate_layout 990:Src text UUid:4d836d20-4b23-42d3-9896-3e9ef5ca7fe1
02-28 21:00:43 com_github_MitjaNemec_ReplicateLayout.replicate_layout 991:Dst text UUid:e8ab7917-5cc2-405b-aee1-9842cf183fb8
02-28 21:00:43 com_github_MitjaNemec_ReplicateLayout.replicate_layout 990:Src text UUid:cac09986-c71d-4294-9f0d-3e0fdbf9b687
02-28 21:00:43 com_github_MitjaNemec_ReplicateLayout.replicate_layout 991:Dst text UUid:79615d35-a0a4-481f-8529-d947b9847bb1
02-28 21:00:43 root 345:updating GUI with: 50
02-28 21:00:43 com_github_MitjaNemec_ReplicateLayout.replicate_layout 870:Replicating footprints on sheet ['/Relay_channel3/']
02-28 21:00:43 com_github_MitjaNemec_ReplicateLayout.replicate_layout 835:Src fp.id: 'FF916D05-15F0-4F60-936D-414F72B9CF42'
02-28 21:00:43 com_github_MitjaNemec_ReplicateLayout.replicate_layout 839:Dst fp.id: 'FF916D05-15F0-4F60-936D-414F72B9CF42'
02-28 21:00:43 com_github_MitjaNemec_ReplicateLayout.replicate_layout 888:Replicating footprint: 'K2'
02-28 21:00:43 com_github_MitjaNemec_ReplicateLayout.replicate_layout 835:Src fp.id: 'FF916D05-15F0-4F60-936D-414F72B9CF42'
02-28 21:00:43 com_github_MitjaNemec_ReplicateLayout.replicate_layout 839:Dst fp.id: 'FF916D05-15F0-4F60-936D-414F72B9CF42'
02-28 21:00:43 com_github_MitjaNemec_ReplicateLayout.replicate_layout 895:found match in dst footprint: 'K8'
02-28 21:00:43 com_github_MitjaNemec_ReplicateLayout.replicate_layout 990:Src text UUid:9f35fb59-0297-40f2-a3a0-c20d704bde8d
02-28 21:00:43 com_github_MitjaNemec_ReplicateLayout.replicate_layout 991:Dst text UUid:2a9ca88f-8a25-4735-aac7-e98e535ee0b4
02-28 21:00:43 com_github_MitjaNemec_ReplicateLayout.replicate_layout 990:Src text UUid:c432aa89-6e18-473a-a398-aa185ac77305
02-28 21:00:43 com_github_MitjaNemec_ReplicateLayout.replicate_layout 991:Dst text UUid:02eb0c9f-79cf-4244-b4f2-78a3cd50b799
02-28 21:00:43 com_github_MitjaNemec_ReplicateLayout.replicate_layout 990:Src text UUid:1570c505-6057-4969-803c-f89a894e4b29
02-28 21:00:43 com_github_MitjaNemec_ReplicateLayout.replicate_layout 991:Dst text UUid:893daed1-5d05-4208-a3cf-08379369f4cc
02-28 21:00:43 com_github_MitjaNemec_ReplicateLayout.replicate_layout 888:Replicating footprint: 'K1'
02-28 21:00:43 com_github_MitjaNemec_ReplicateLayout.replicate_layout 835:Src fp.id: '46657E1E-1DE6-48B3-9696-45E3378258BD'
02-28 21:00:43 com_github_MitjaNemec_ReplicateLayout.replicate_layout 839:Dst fp.id: '46657E1E-1DE6-48B3-9696-45E3378258BD'
02-28 21:00:43 com_github_MitjaNemec_ReplicateLayout.replicate_layout 895:found match in dst footprint: 'K7'
02-28 21:00:43 com_github_MitjaNemec_ReplicateLayout.replicate_layout 990:Src text UUid:00c5c0ea-54be-4e03-8345-7e7b205be6c4
02-28 21:00:43 com_github_MitjaNemec_ReplicateLayout.replicate_layout 991:Dst text UUid:1f13e1c8-7300-4f9f-8e07-4bce2c70a029
02-28 21:00:43 com_github_MitjaNemec_ReplicateLayout.replicate_layout 990:Src text UUid:4d836d20-4b23-42d3-9896-3e9ef5ca7fe1
02-28 21:00:43 com_github_MitjaNemec_ReplicateLayout.replicate_layout 991:Dst text UUid:c73846a9-0524-43da-a4ae-4afadc304ce4
02-28 21:00:43 com_github_MitjaNemec_ReplicateLayout.replicate_layout 990:Src text UUid:cac09986-c71d-4294-9f0d-3e0fdbf9b687
02-28 21:00:43 com_github_MitjaNemec_ReplicateLayout.replicate_layout 991:Dst text UUid:3ce868af-c676-4140-855b-b5b785b358ee
02-28 21:00:43 com_github_MitjaNemec_ReplicateLayout.replicate_layout 870:Replicating footprints on sheet ['/Relay_channel4/']
02-28 21:00:43 com_github_MitjaNemec_ReplicateLayout.replicate_layout 835:Src fp.id: 'FF916D05-15F0-4F60-936D-414F72B9CF42'
02-28 21:00:43 com_github_MitjaNemec_ReplicateLayout.replicate_layout 839:Dst fp.id: 'FF916D05-15F0-4F60-936D-414F72B9CF42'
02-28 21:00:43 com_github_MitjaNemec_ReplicateLayout.replicate_layout 888:Replicating footprint: 'K2'
02-28 21:00:43 com_github_MitjaNemec_ReplicateLayout.replicate_layout 835:Src fp.id: 'FF916D05-15F0-4F60-936D-414F72B9CF42'
02-28 21:00:43 com_github_MitjaNemec_ReplicateLayout.replicate_layout 839:Dst fp.id: 'FF916D05-15F0-4F60-936D-414F72B9CF42'
02-28 21:00:43 com_github_MitjaNemec_ReplicateLayout.replicate_layout 895:found match in dst footprint: 'K10'
02-28 21:00:43 com_github_MitjaNemec_ReplicateLayout.replicate_layout 990:Src text UUid:9f35fb59-0297-40f2-a3a0-c20d704bde8d
02-28 21:00:43 com_github_MitjaNemec_ReplicateLayout.replicate_layout 991:Dst text UUid:82a8c5a5-bcda-4f6d-b856-b34d2e765f40
02-28 21:00:43 com_github_MitjaNemec_ReplicateLayout.replicate_layout 990:Src text UUid:c432aa89-6e18-473a-a398-aa185ac77305
02-28 21:00:43 com_github_MitjaNemec_ReplicateLayout.replicate_layout 991:Dst text UUid:ce79f65a-4d26-42d4-833d-4b9d751f1dbf
02-28 21:00:43 com_github_MitjaNemec_ReplicateLayout.replicate_layout 990:Src text UUid:1570c505-6057-4969-803c-f89a894e4b29
02-28 21:00:43 com_github_MitjaNemec_ReplicateLayout.replicate_layout 991:Dst text UUid:7c1ac5df-1d1a-40a2-b288-be5555740512
02-28 21:00:43 com_github_MitjaNemec_ReplicateLayout.replicate_layout 888:Replicating footprint: 'K1'
02-28 21:00:43 com_github_MitjaNemec_ReplicateLayout.replicate_layout 835:Src fp.id: '46657E1E-1DE6-48B3-9696-45E3378258BD'
02-28 21:00:43 com_github_MitjaNemec_ReplicateLayout.replicate_layout 839:Dst fp.id: '46657E1E-1DE6-48B3-9696-45E3378258BD'
02-28 21:00:43 com_github_MitjaNemec_ReplicateLayout.replicate_layout 895:found match in dst footprint: 'K9'
02-28 21:00:43 com_github_MitjaNemec_ReplicateLayout.replicate_layout 990:Src text UUid:00c5c0ea-54be-4e03-8345-7e7b205be6c4
02-28 21:00:43 com_github_MitjaNemec_ReplicateLayout.replicate_layout 991:Dst text UUid:35523d8a-2ae5-468c-8027-c8c94963dde9
02-28 21:00:43 com_github_MitjaNemec_ReplicateLayout.replicate_layout 990:Src text UUid:4d836d20-4b23-42d3-9896-3e9ef5ca7fe1
02-28 21:00:43 com_github_MitjaNemec_ReplicateLayout.replicate_layout 991:Dst text UUid:092a3e46-7e08-4b7b-96da-739166c81a10
02-28 21:00:43 com_github_MitjaNemec_ReplicateLayout.replicate_layout 990:Src text UUid:cac09986-c71d-4294-9f0d-3e0fdbf9b687
02-28 21:00:43 com_github_MitjaNemec_ReplicateLayout.replicate_layout 991:Dst text UUid:e4026eaa-ad51-479f-a9bb-f1cc2e8e15aa
02-28 21:00:43 com_github_MitjaNemec_ReplicateLayout.replicate_layout 870:Replicating footprints on sheet ['/Relay_channel5/']
02-28 21:00:43 com_github_MitjaNemec_ReplicateLayout.replicate_layout 835:Src fp.id: 'FF916D05-15F0-4F60-936D-414F72B9CF42'
02-28 21:00:43 com_github_MitjaNemec_ReplicateLayout.replicate_layout 839:Dst fp.id: 'FF916D05-15F0-4F60-936D-414F72B9CF42'
02-28 21:00:43 com_github_MitjaNemec_ReplicateLayout.replicate_layout 888:Replicating footprint: 'K2'
02-28 21:00:43 com_github_MitjaNemec_ReplicateLayout.replicate_layout 835:Src fp.id: 'FF916D05-15F0-4F60-936D-414F72B9CF42'
02-28 21:00:43 com_github_MitjaNemec_ReplicateLayout.replicate_layout 839:Dst fp.id: 'FF916D05-15F0-4F60-936D-414F72B9CF42'
02-28 21:00:43 com_github_MitjaNemec_ReplicateLayout.replicate_layout 895:found match in dst footprint: 'K12'
02-28 21:00:43 com_github_MitjaNemec_ReplicateLayout.replicate_layout 990:Src text UUid:9f35fb59-0297-40f2-a3a0-c20d704bde8d
02-28 21:00:43 com_github_MitjaNemec_ReplicateLayout.replicate_layout 991:Dst text UUid:ac632317-0e3e-4f9f-aa0e-e164a362559d
02-28 21:00:43 com_github_MitjaNemec_ReplicateLayout.replicate_layout 990:Src text UUid:c432aa89-6e18-473a-a398-aa185ac77305
02-28 21:00:43 com_github_MitjaNemec_ReplicateLayout.replicate_layout 991:Dst text UUid:724e6a11-9f68-4c76-8364-65b74aed6a2c
02-28 21:00:43 com_github_MitjaNemec_ReplicateLayout.replicate_layout 990:Src text UUid:1570c505-6057-4969-803c-f89a894e4b29
02-28 21:00:43 com_github_MitjaNemec_ReplicateLayout.replicate_layout 991:Dst text UUid:1e2384ef-a4ec-4e78-8766-045a28c13de6
02-28 21:00:43 com_github_MitjaNemec_ReplicateLayout.replicate_layout 888:Replicating footprint: 'K1'
02-28 21:00:43 com_github_MitjaNemec_ReplicateLayout.replicate_layout 835:Src fp.id: '46657E1E-1DE6-48B3-9696-45E3378258BD'
02-28 21:00:43 com_github_MitjaNemec_ReplicateLayout.replicate_layout 839:Dst fp.id: '46657E1E-1DE6-48B3-9696-45E3378258BD'
02-28 21:00:43 com_github_MitjaNemec_ReplicateLayout.replicate_layout 895:found match in dst footprint: 'K11'
02-28 21:00:43 com_github_MitjaNemec_ReplicateLayout.replicate_layout 990:Src text UUid:00c5c0ea-54be-4e03-8345-7e7b205be6c4
02-28 21:00:43 com_github_MitjaNemec_ReplicateLayout.replicate_layout 991:Dst text UUid:40585178-4834-45da-bfdf-53cc0c456a9d
02-28 21:00:43 com_github_MitjaNemec_ReplicateLayout.replicate_layout 990:Src text UUid:4d836d20-4b23-42d3-9896-3e9ef5ca7fe1
02-28 21:00:43 com_github_MitjaNemec_ReplicateLayout.replicate_layout 991:Dst text UUid:12127d53-4b11-4975-a22e-28d932cac46a
02-28 21:00:43 com_github_MitjaNemec_ReplicateLayout.replicate_layout 990:Src text UUid:cac09986-c71d-4294-9f0d-3e0fdbf9b687
02-28 21:00:43 com_github_MitjaNemec_ReplicateLayout.replicate_layout 991:Dst text UUid:3c133a91-8625-4bc5-9d06-0a6eba2f4dbd
02-28 21:00:43 com_github_MitjaNemec_ReplicateLayout.replicate_layout 870:Replicating footprints on sheet ['/Relay_channel6/']
02-28 21:00:43 com_github_MitjaNemec_ReplicateLayout.replicate_layout 835:Src fp.id: 'FF916D05-15F0-4F60-936D-414F72B9CF42'
02-28 21:00:43 com_github_MitjaNemec_ReplicateLayout.replicate_layout 839:Dst fp.id: 'FF916D05-15F0-4F60-936D-414F72B9CF42'
02-28 21:00:43 com_github_MitjaNemec_ReplicateLayout.replicate_layout 888:Replicating footprint: 'K2'
02-28 21:00:43 com_github_MitjaNemec_ReplicateLayout.replicate_layout 835:Src fp.id: 'FF916D05-15F0-4F60-936D-414F72B9CF42'
02-28 21:00:43 com_github_MitjaNemec_ReplicateLayout.replicate_layout 839:Dst fp.id: 'FF916D05-15F0-4F60-936D-414F72B9CF42'
02-28 21:00:43 com_github_MitjaNemec_ReplicateLayout.replicate_layout 895:found match in dst footprint: 'K14'
02-28 21:00:43 com_github_MitjaNemec_ReplicateLayout.replicate_layout 990:Src text UUid:9f35fb59-0297-40f2-a3a0-c20d704bde8d
02-28 21:00:43 com_github_MitjaNemec_ReplicateLayout.replicate_layout 991:Dst text UUid:a5f7e340-4ec9-4e60-b61a-a43e98f3513e
02-28 21:00:43 com_github_MitjaNemec_ReplicateLayout.replicate_layout 990:Src text UUid:c432aa89-6e18-473a-a398-aa185ac77305
02-28 21:00:43 com_github_MitjaNemec_ReplicateLayout.replicate_layout 991:Dst text UUid:783f5b4c-33a5-4705-9954-7bcc3ab22aac
02-28 21:00:43 com_github_MitjaNemec_ReplicateLayout.replicate_layout 990:Src text UUid:1570c505-6057-4969-803c-f89a894e4b29
02-28 21:00:43 com_github_MitjaNemec_ReplicateLayout.replicate_layout 991:Dst text UUid:2abcafde-fbf2-48e4-8221-2b23c1edab16
02-28 21:00:43 com_github_MitjaNemec_ReplicateLayout.replicate_layout 888:Replicating footprint: 'K1'
02-28 21:00:43 root 345:updating GUI with: 78
02-28 21:00:43 com_github_MitjaNemec_ReplicateLayout.replicate_layout 835:Src fp.id: '46657E1E-1DE6-48B3-9696-45E3378258BD'
02-28 21:00:43 com_github_MitjaNemec_ReplicateLayout.replicate_layout 839:Dst fp.id: '46657E1E-1DE6-48B3-9696-45E3378258BD'
02-28 21:00:43 com_github_MitjaNemec_ReplicateLayout.replicate_layout 895:found match in dst footprint: 'K13'
02-28 21:00:43 com_github_MitjaNemec_ReplicateLayout.replicate_layout 990:Src text UUid:00c5c0ea-54be-4e03-8345-7e7b205be6c4
02-28 21:00:43 com_github_MitjaNemec_ReplicateLayout.replicate_layout 991:Dst text UUid:33757cad-f8f6-43e9-870c-6bbe7db3f5c3
02-28 21:00:43 com_github_MitjaNemec_ReplicateLayout.replicate_layout 990:Src text UUid:4d836d20-4b23-42d3-9896-3e9ef5ca7fe1
02-28 21:00:43 com_github_MitjaNemec_ReplicateLayout.replicate_layout 991:Dst text UUid:5c88d83b-89f7-478a-b790-cf4e7ab5234b
02-28 21:00:43 com_github_MitjaNemec_ReplicateLayout.replicate_layout 990:Src text UUid:cac09986-c71d-4294-9f0d-3e0fdbf9b687
02-28 21:00:43 com_github_MitjaNemec_ReplicateLayout.replicate_layout 991:Dst text UUid:d9fafd1d-0d35-450f-b332-12aaf0a8f52a
02-28 21:00:43 com_github_MitjaNemec_ReplicateLayout.replicate_layout 870:Replicating footprints on sheet ['/Relay_channel7/']
02-28 21:00:43 com_github_MitjaNemec_ReplicateLayout.replicate_layout 835:Src fp.id: 'FF916D05-15F0-4F60-936D-414F72B9CF42'
02-28 21:00:43 com_github_MitjaNemec_ReplicateLayout.replicate_layout 839:Dst fp.id: 'FF916D05-15F0-4F60-936D-414F72B9CF42'
02-28 21:00:43 com_github_MitjaNemec_ReplicateLayout.replicate_layout 888:Replicating footprint: 'K2'
02-28 21:00:43 com_github_MitjaNemec_ReplicateLayout.replicate_layout 835:Src fp.id: 'FF916D05-15F0-4F60-936D-414F72B9CF42'
02-28 21:00:43 com_github_MitjaNemec_ReplicateLayout.replicate_layout 839:Dst fp.id: 'FF916D05-15F0-4F60-936D-414F72B9CF42'
02-28 21:00:43 com_github_MitjaNemec_ReplicateLayout.replicate_layout 895:found match in dst footprint: 'K16'
02-28 21:00:43 com_github_MitjaNemec_ReplicateLayout.replicate_layout 990:Src text UUid:9f35fb59-0297-40f2-a3a0-c20d704bde8d
02-28 21:00:43 com_github_MitjaNemec_ReplicateLayout.replicate_layout 991:Dst text UUid:653a2062-d084-4e83-be8e-864df8cf9bfa
02-28 21:00:43 com_github_MitjaNemec_ReplicateLayout.replicate_layout 990:Src text UUid:c432aa89-6e18-473a-a398-aa185ac77305
02-28 21:00:43 com_github_MitjaNemec_ReplicateLayout.replicate_layout 991:Dst text UUid:2d46ab7b-add3-41cf-ad1b-ce0035f7d28a
02-28 21:00:43 com_github_MitjaNemec_ReplicateLayout.replicate_layout 990:Src text UUid:1570c505-6057-4969-803c-f89a894e4b29
02-28 21:00:43 com_github_MitjaNemec_ReplicateLayout.replicate_layout 991:Dst text UUid:0f8a708a-6457-4496-8851-5cf6dc2cd9d7
02-28 21:00:43 com_github_MitjaNemec_ReplicateLayout.replicate_layout 888:Replicating footprint: 'K1'
02-28 21:00:43 com_github_MitjaNemec_ReplicateLayout.replicate_layout 835:Src fp.id: '46657E1E-1DE6-48B3-9696-45E3378258BD'
02-28 21:00:43 com_github_MitjaNemec_ReplicateLayout.replicate_layout 839:Dst fp.id: '46657E1E-1DE6-48B3-9696-45E3378258BD'
02-28 21:00:43 com_github_MitjaNemec_ReplicateLayout.replicate_layout 895:found match in dst footprint: 'K15'
02-28 21:00:43 com_github_MitjaNemec_ReplicateLayout.replicate_layout 990:Src text UUid:00c5c0ea-54be-4e03-8345-7e7b205be6c4
02-28 21:00:43 com_github_MitjaNemec_ReplicateLayout.replicate_layout 991:Dst text UUid:446208bf-8e84-4600-a0f3-10f6ada692a0
02-28 21:00:43 com_github_MitjaNemec_ReplicateLayout.replicate_layout 990:Src text UUid:4d836d20-4b23-42d3-9896-3e9ef5ca7fe1
02-28 21:00:43 com_github_MitjaNemec_ReplicateLayout.replicate_layout 991:Dst text UUid:e56b2ae5-872a-4bc9-a5f8-e3d2ee30a140
02-28 21:00:43 com_github_MitjaNemec_ReplicateLayout.replicate_layout 990:Src text UUid:cac09986-c71d-4294-9f0d-3e0fdbf9b687
02-28 21:00:43 com_github_MitjaNemec_ReplicateLayout.replicate_layout 991:Dst text UUid:aaf661c6-21d7-46e6-a3b6-2d2b82d1c92f
02-28 21:00:43 com_github_MitjaNemec_ReplicateLayout.replicate_layout 870:Replicating footprints on sheet ['/Relay_channel8/']
02-28 21:00:43 com_github_MitjaNemec_ReplicateLayout.replicate_layout 835:Src fp.id: 'FF916D05-15F0-4F60-936D-414F72B9CF42'
02-28 21:00:43 com_github_MitjaNemec_ReplicateLayout.replicate_layout 839:Dst fp.id: 'FF916D05-15F0-4F60-936D-414F72B9CF42'
02-28 21:00:43 com_github_MitjaNemec_ReplicateLayout.replicate_layout 888:Replicating footprint: 'K2'
02-28 21:00:43 com_github_MitjaNemec_ReplicateLayout.replicate_layout 835:Src fp.id: 'FF916D05-15F0-4F60-936D-414F72B9CF42'
02-28 21:00:43 com_github_MitjaNemec_ReplicateLayout.replicate_layout 839:Dst fp.id: 'FF916D05-15F0-4F60-936D-414F72B9CF42'
02-28 21:00:43 com_github_MitjaNemec_ReplicateLayout.replicate_layout 895:found match in dst footprint: 'K18'
02-28 21:00:43 com_github_MitjaNemec_ReplicateLayout.replicate_layout 990:Src text UUid:9f35fb59-0297-40f2-a3a0-c20d704bde8d
02-28 21:00:43 com_github_MitjaNemec_ReplicateLayout.replicate_layout 991:Dst text UUid:a9282763-3cc7-4cb0-a9a3-09bc728869be
02-28 21:00:43 com_github_MitjaNemec_ReplicateLayout.replicate_layout 990:Src text UUid:c432aa89-6e18-473a-a398-aa185ac77305
02-28 21:00:43 com_github_MitjaNemec_ReplicateLayout.replicate_layout 991:Dst text UUid:365976e0-0378-4860-bfe4-e2bef178dd6a
02-28 21:00:43 com_github_MitjaNemec_ReplicateLayout.replicate_layout 990:Src text UUid:1570c505-6057-4969-803c-f89a894e4b29
02-28 21:00:43 com_github_MitjaNemec_ReplicateLayout.replicate_layout 991:Dst text UUid:39753227-2442-4092-b28d-8a14a38b20e0
02-28 21:00:43 com_github_MitjaNemec_ReplicateLayout.replicate_layout 888:Replicating footprint: 'K1'
02-28 21:00:43 com_github_MitjaNemec_ReplicateLayout.replicate_layout 835:Src fp.id: '46657E1E-1DE6-48B3-9696-45E3378258BD'
02-28 21:00:43 com_github_MitjaNemec_ReplicateLayout.replicate_layout 839:Dst fp.id: '46657E1E-1DE6-48B3-9696-45E3378258BD'
02-28 21:00:43 com_github_MitjaNemec_ReplicateLayout.replicate_layout 895:found match in dst footprint: 'K17'
02-28 21:00:43 com_github_MitjaNemec_ReplicateLayout.replicate_layout 990:Src text UUid:00c5c0ea-54be-4e03-8345-7e7b205be6c4
02-28 21:00:43 com_github_MitjaNemec_ReplicateLayout.replicate_layout 991:Dst text UUid:8b1d7f48-e815-400a-8ad8-39e66f2d8560
02-28 21:00:43 com_github_MitjaNemec_ReplicateLayout.replicate_layout 990:Src text UUid:4d836d20-4b23-42d3-9896-3e9ef5ca7fe1
02-28 21:00:43 com_github_MitjaNemec_ReplicateLayout.replicate_layout 991:Dst text UUid:44172027-7094-4c7b-a09e-d603ed80cf8e
02-28 21:00:43 com_github_MitjaNemec_ReplicateLayout.replicate_layout 990:Src text UUid:cac09986-c71d-4294-9f0d-3e0fdbf9b687
02-28 21:00:43 com_github_MitjaNemec_ReplicateLayout.replicate_layout 991:Dst text UUid:b5313b79-e426-49b5-8469-6018eea19724
02-28 21:00:43 com_github_MitjaNemec_ReplicateLayout.replicate_layout 870:Replicating footprints on sheet ['/Relay_channel9/']
02-28 21:00:43 com_github_MitjaNemec_ReplicateLayout.replicate_layout 835:Src fp.id: 'FF916D05-15F0-4F60-936D-414F72B9CF42'
02-28 21:00:43 com_github_MitjaNemec_ReplicateLayout.replicate_layout 839:Dst fp.id: 'FF916D05-15F0-4F60-936D-414F72B9CF42'
02-28 21:00:43 com_github_MitjaNemec_ReplicateLayout.replicate_layout 888:Replicating footprint: 'K2'
02-28 21:00:43 com_github_MitjaNemec_ReplicateLayout.replicate_layout 835:Src fp.id: 'FF916D05-15F0-4F60-936D-414F72B9CF42'
02-28 21:00:43 com_github_MitjaNemec_ReplicateLayout.replicate_layout 839:Dst fp.id: 'FF916D05-15F0-4F60-936D-414F72B9CF42'
02-28 21:00:43 com_github_MitjaNemec_ReplicateLayout.replicate_layout 895:found match in dst footprint: 'K20'
02-28 21:00:43 com_github_MitjaNemec_ReplicateLayout.replicate_layout 990:Src text UUid:9f35fb59-0297-40f2-a3a0-c20d704bde8d
02-28 21:00:43 com_github_MitjaNemec_ReplicateLayout.replicate_layout 991:Dst text UUid:ffe5a3e0-0605-41dd-962f-6be6a0dcf9aa
02-28 21:00:43 com_github_MitjaNemec_ReplicateLayout.replicate_layout 990:Src text UUid:c432aa89-6e18-473a-a398-aa185ac77305
02-28 21:00:43 com_github_MitjaNemec_ReplicateLayout.replicate_layout 991:Dst text UUid:c048b5a4-0d91-4718-92da-e20bfb50dcd2
02-28 21:00:43 com_github_MitjaNemec_ReplicateLayout.replicate_layout 990:Src text UUid:1570c505-6057-4969-803c-f89a894e4b29
02-28 21:00:43 com_github_MitjaNemec_ReplicateLayout.replicate_layout 991:Dst text UUid:1a96b627-b264-44b9-9176-eb0820e2d91d
02-28 21:00:43 com_github_MitjaNemec_ReplicateLayout.replicate_layout 888:Replicating footprint: 'K1'
02-28 21:00:43 com_github_MitjaNemec_ReplicateLayout.replicate_layout 835:Src fp.id: '46657E1E-1DE6-48B3-9696-45E3378258BD'
02-28 21:00:43 com_github_MitjaNemec_ReplicateLayout.replicate_layout 839:Dst fp.id: '46657E1E-1DE6-48B3-9696-45E3378258BD'
02-28 21:00:43 com_github_MitjaNemec_ReplicateLayout.replicate_layout 895:found match in dst footprint: 'K19'
02-28 21:00:43 com_github_MitjaNemec_ReplicateLayout.replicate_layout 990:Src text UUid:00c5c0ea-54be-4e03-8345-7e7b205be6c4
02-28 21:00:43 com_github_MitjaNemec_ReplicateLayout.replicate_layout 991:Dst text UUid:05f1da21-8b85-4cc0-95d9-4191a785e3e4
02-28 21:00:43 com_github_MitjaNemec_ReplicateLayout.replicate_layout 990:Src text UUid:4d836d20-4b23-42d3-9896-3e9ef5ca7fe1
02-28 21:00:43 com_github_MitjaNemec_ReplicateLayout.replicate_layout 991:Dst text UUid:c90a36e4-c76a-42f2-a05a-6679bf3e301e
02-28 21:00:43 com_github_MitjaNemec_ReplicateLayout.replicate_layout 990:Src text UUid:cac09986-c71d-4294-9f0d-3e0fdbf9b687
02-28 21:00:43 com_github_MitjaNemec_ReplicateLayout.replicate_layout 991:Dst text UUid:56eee2f5-98f9-4936-90ab-8f48f8574b9b
02-28 21:00:43 root 340:updating GUI message: 'Replicating tracks'
02-28 21:00:43 root 345:updating GUI with: 0
02-28 21:00:43 com_github_MitjaNemec_ReplicateLayout.replicate_layout 1014:Replicating tracks
02-28 21:00:43 com_github_MitjaNemec_ReplicateLayout.replicate_layout 1020:Replicating tracks on sheet ['/Relay_channel1/']
02-28 21:00:43 com_github_MitjaNemec_ReplicateLayout.replicate_layout 835:Src fp.id: 'FF916D05-15F0-4F60-936D-414F72B9CF42'
02-28 21:00:43 com_github_MitjaNemec_ReplicateLayout.replicate_layout 839:Dst fp.id: 'FF916D05-15F0-4F60-936D-414F72B9CF42'
02-28 21:00:43 com_github_MitjaNemec_ReplicateLayout.replicate_layout 792:Net pairs for sheet ['/Relay_channel1/'] :[('/Cell_1-', '/Cell_1+'), ('/Relay_channel/cntrl_cell_short', '/Relay_channel1/cntrl_cell_short'), ('/Relay_channel/cell_in', '/Relay_channel1/cell_in'), ('unconnected-(K1-Pad14)', 'unconnected-(K3-Pad14)'), ('/Cell_1-', '/Cell_1-'), ('unconnected-(K2-Pad12)', 'unconnected-(K4-Pad12)'), ('/Relay_channel/cntrl_pwr', '/Relay_channel1/cntrl_pwr'), ('/Relay_channel/cntrl_cell_open', '/Relay_channel1/cntrl_cell_open')]
02-28 21:00:43 com_github_MitjaNemec_ReplicateLayout.replicate_layout 1020:Replicating tracks on sheet ['/Relay_channel10/']
02-28 21:00:43 com_github_MitjaNemec_ReplicateLayout.replicate_layout 835:Src fp.id: 'FF916D05-15F0-4F60-936D-414F72B9CF42'
02-28 21:00:43 com_github_MitjaNemec_ReplicateLayout.replicate_layout 839:Dst fp.id: 'FF916D05-15F0-4F60-936D-414F72B9CF42'
02-28 21:00:43 com_github_MitjaNemec_ReplicateLayout.replicate_layout 792:Net pairs for sheet ['/Relay_channel10/'] :[('/Cell_1-', '/Cell_10+'), ('/Relay_channel/cell_in', '/Relay_channel10/cell_in'), ('unconnected-(K1-Pad14)', 'unconnected-(K21-Pad14)'), ('/Relay_channel/cntrl_cell_short', '/Relay_channel10/cntrl_cell_short'), ('unconnected-(K2-Pad12)', 'unconnected-(K22-Pad12)'), ('/Relay_channel/cntrl_cell_open', '/Relay_channel10/cntrl_cell_open'), ('/Cell_1-', '/Cell_9+'), ('/Relay_channel/cntrl_pwr', '/Relay_channel10/cntrl_pwr')]
02-28 21:00:43 com_github_MitjaNemec_ReplicateLayout.replicate_layout 1020:Replicating tracks on sheet ['/Relay_channel11/']
02-28 21:00:43 com_github_MitjaNemec_ReplicateLayout.replicate_layout 835:Src fp.id: 'FF916D05-15F0-4F60-936D-414F72B9CF42'
02-28 21:00:43 com_github_MitjaNemec_ReplicateLayout.replicate_layout 839:Dst fp.id: 'FF916D05-15F0-4F60-936D-414F72B9CF42'
02-28 21:00:43 com_github_MitjaNemec_ReplicateLayout.replicate_layout 792:Net pairs for sheet ['/Relay_channel11/'] :[('/Cell_1-', '/Cell_10+'), ('unconnected-(K2-Pad12)', 'unconnected-(K24-Pad12)'), ('/Relay_channel/cntrl_cell_open', '/Relay_channel11/cntrl_cell_open'), ('/Relay_channel/cntrl_pwr', '/Relay_channel11/cntrl_pwr'), ('/Relay_channel/cntrl_cell_short', '/Relay_channel11/cntrl_cell_short'), ('/Cell_1-', '/Relay_channel11/cell_short'), ('/Relay_channel/cell_in', '/Relay_channel11/cell_in'), ('unconnected-(K1-Pad14)', 'unconnected-(K23-Pad14)')]
02-28 21:00:43 com_github_MitjaNemec_ReplicateLayout.replicate_layout 1020:Replicating tracks on sheet ['/Relay_channel12/']
02-28 21:00:43 com_github_MitjaNemec_ReplicateLayout.replicate_layout 835:Src fp.id: 'FF916D05-15F0-4F60-936D-414F72B9CF42'
02-28 21:00:43 com_github_MitjaNemec_ReplicateLayout.replicate_layout 839:Dst fp.id: 'FF916D05-15F0-4F60-936D-414F72B9CF42'
02-28 21:00:43 com_github_MitjaNemec_ReplicateLayout.replicate_layout 792:Net pairs for sheet ['/Relay_channel12/'] :[('unconnected-(K2-Pad12)', 'unconnected-(K26-Pad12)'), ('/Relay_channel/cntrl_cell_short', '/Relay_channel12/cntrl_cell_short'), ('/Relay_channel/cell_in', '/Relay_channel12/cell_in'), ('/Cell_1-', '/Cell_12+'), ('/Relay_channel/cntrl_cell_open', '/Relay_channel12/cntrl_cell_open'), ('/Cell_1-', '/Cell_11+'), ('unconnected-(K1-Pad14)', 'unconnected-(K25-Pad14)'), ('/Relay_channel/cntrl_pwr', '/Relay_channel12/cntrl_pwr')]
02-28 21:00:43 root 345:updating GUI with: 28
02-28 21:00:43 com_github_MitjaNemec_ReplicateLayout.replicate_layout 1020:Replicating tracks on sheet ['/Relay_channel13/']
02-28 21:00:43 com_github_MitjaNemec_ReplicateLayout.replicate_layout 835:Src fp.id: 'FF916D05-15F0-4F60-936D-414F72B9CF42'
02-28 21:00:43 com_github_MitjaNemec_ReplicateLayout.replicate_layout 839:Dst fp.id: 'FF916D05-15F0-4F60-936D-414F72B9CF42'
02-28 21:00:43 com_github_MitjaNemec_ReplicateLayout.replicate_layout 792:Net pairs for sheet ['/Relay_channel13/'] :[('/Relay_channel/cell_in', '/Relay_channel13/cell_in'), ('/Relay_channel/cntrl_cell_short', '/Relay_channel13/cntrl_cell_short'), ('unconnected-(K1-Pad14)', 'unconnected-(K27-Pad14)'), ('/Cell_1-', '/Cell_12+'), ('/Relay_channel/cntrl_cell_open', '/Relay_channel13/cntrl_cell_open'), ('/Relay_channel/cntrl_pwr', '/Relay_channel13/cntrl_pwr'), ('unconnected-(K2-Pad12)', 'unconnected-(K28-Pad12)')]
02-28 21:00:43 com_github_MitjaNemec_ReplicateLayout.replicate_layout 1020:Replicating tracks on sheet ['/Relay_channel14/']
02-28 21:00:43 com_github_MitjaNemec_ReplicateLayout.replicate_layout 835:Src fp.id: 'FF916D05-15F0-4F60-936D-414F72B9CF42'
02-28 21:00:43 com_github_MitjaNemec_ReplicateLayout.replicate_layout 839:Dst fp.id: 'FF916D05-15F0-4F60-936D-414F72B9CF42'
02-28 21:00:43 com_github_MitjaNemec_ReplicateLayout.replicate_layout 792:Net pairs for sheet ['/Relay_channel14/'] :[('/Relay_channel/cell_in', '/Relay_channel14/cell_in'), ('/Relay_channel/cntrl_pwr', '/Relay_channel14/cntrl_pwr'), ('/Relay_channel/cntrl_cell_short', '/Relay_channel14/cntrl_cell_short'), ('/Cell_1-', '/Relay_channel14/cell_short'), ('/Cell_1-', '/Cell_12+'), ('unconnected-(K1-Pad14)', 'unconnected-(K29-Pad14)'), ('/Relay_channel/cntrl_cell_open', '/Relay_channel14/cntrl_cell_open'), ('unconnected-(K2-Pad12)', 'unconnected-(K30-Pad12)')]
02-28 21:00:43 com_github_MitjaNemec_ReplicateLayout.replicate_layout 1020:Replicating tracks on sheet ['/Relay_channel2/']
02-28 21:00:43 com_github_MitjaNemec_ReplicateLayout.replicate_layout 835:Src fp.id: 'FF916D05-15F0-4F60-936D-414F72B9CF42'
02-28 21:00:43 com_github_MitjaNemec_ReplicateLayout.replicate_layout 839:Dst fp.id: 'FF916D05-15F0-4F60-936D-414F72B9CF42'
02-28 21:00:43 com_github_MitjaNemec_ReplicateLayout.replicate_layout 792:Net pairs for sheet ['/Relay_channel2/'] :[('/Cell_1-', '/Cell_1+'), ('/Relay_channel/cntrl_pwr', '/Relay_channel2/cntrl_pwr'), ('unconnected-(K2-Pad12)', 'unconnected-(K6-Pad12)'), ('/Relay_channel/cell_in', '/Relay_channel2/cell_in'), ('/Relay_channel/cntrl_cell_open', '/Relay_channel2/cntrl_cell_open'), ('/Cell_1-', '/Cell_2+'), ('unconnected-(K1-Pad14)', 'unconnected-(K5-Pad14)'), ('/Relay_channel/cntrl_cell_short', '/Relay_channel2/cntrl_cell_short')]
02-28 21:00:43 com_github_MitjaNemec_ReplicateLayout.replicate_layout 1020:Replicating tracks on sheet ['/Relay_channel3/']
02-28 21:00:43 com_github_MitjaNemec_ReplicateLayout.replicate_layout 835:Src fp.id: 'FF916D05-15F0-4F60-936D-414F72B9CF42'
02-28 21:00:43 com_github_MitjaNemec_ReplicateLayout.replicate_layout 839:Dst fp.id: 'FF916D05-15F0-4F60-936D-414F72B9CF42'
02-28 21:00:43 com_github_MitjaNemec_ReplicateLayout.replicate_layout 792:Net pairs for sheet ['/Relay_channel3/'] :[('unconnected-(K1-Pad14)', 'unconnected-(K7-Pad14)'), ('unconnected-(K2-Pad12)', 'unconnected-(K8-Pad12)'), ('/Relay_channel/cntrl_cell_short', '/Relay_channel3/cntrl_cell_short'), ('/Cell_1-', '/Cell_3+'), ('/Relay_channel/cntrl_pwr', '/Relay_channel3/cntrl_pwr'), ('/Cell_1-', '/Cell_2+'), ('/Relay_channel/cntrl_cell_open', '/Relay_channel3/cntrl_cell_open'), ('/Relay_channel/cell_in', '/Relay_channel3/cell_in')]
02-28 21:00:43 com_github_MitjaNemec_ReplicateLayout.replicate_layout 1020:Replicating tracks on sheet ['/Relay_channel4/']
02-28 21:00:43 com_github_MitjaNemec_ReplicateLayout.replicate_layout 835:Src fp.id: 'FF916D05-15F0-4F60-936D-414F72B9CF42'
02-28 21:00:43 com_github_MitjaNemec_ReplicateLayout.replicate_layout 839:Dst fp.id: 'FF916D05-15F0-4F60-936D-414F72B9CF42'
02-28 21:00:43 com_github_MitjaNemec_ReplicateLayout.replicate_layout 792:Net pairs for sheet ['/Relay_channel4/'] :[('/Relay_channel/cntrl_pwr', '/Relay_channel4/cntrl_pwr'), ('/Relay_channel/cntrl_cell_short', '/Relay_channel4/cntrl_cell_short'), ('/Relay_channel/cntrl_cell_open', '/Relay_channel4/cntrl_cell_open'), ('/Cell_1-', '/Cell_4+'), ('/Cell_1-', '/Cell_3+'), ('/Relay_channel/cell_in', '/Relay_channel4/cell_in'), ('unconnected-(K2-Pad12)', 'unconnected-(K10-Pad12)'), ('unconnected-(K1-Pad14)', 'unconnected-(K9-Pad14)')]
02-28 21:00:43 root 345:updating GUI with: 64
02-28 21:00:43 com_github_MitjaNemec_ReplicateLayout.replicate_layout 1020:Replicating tracks on sheet ['/Relay_channel5/']
02-28 21:00:43 com_github_MitjaNemec_ReplicateLayout.replicate_layout 835:Src fp.id: 'FF916D05-15F0-4F60-936D-414F72B9CF42'
02-28 21:00:43 com_github_MitjaNemec_ReplicateLayout.replicate_layout 839:Dst fp.id: 'FF916D05-15F0-4F60-936D-414F72B9CF42'
02-28 21:00:43 com_github_MitjaNemec_ReplicateLayout.replicate_layout 792:Net pairs for sheet ['/Relay_channel5/'] :[('unconnected-(K2-Pad12)', 'unconnected-(K12-Pad12)'), ('/Relay_channel/cntrl_cell_open', '/Relay_channel5/cntrl_cell_open'), ('unconnected-(K1-Pad14)', 'unconnected-(K11-Pad14)'), ('/Cell_1-', '/Cell_4+'), ('/Relay_channel/cntrl_cell_short', '/Relay_channel5/cntrl_cell_short'), ('/Cell_1-', '/Cell_5+'), ('/Relay_channel/cell_in', '/Relay_channel5/cell_in'), ('/Relay_channel/cntrl_pwr', '/Relay_channel5/cntrl_pwr')]
02-28 21:00:43 com_github_MitjaNemec_ReplicateLayout.replicate_layout 1020:Replicating tracks on sheet ['/Relay_channel6/']
02-28 21:00:43 com_github_MitjaNemec_ReplicateLayout.replicate_layout 835:Src fp.id: 'FF916D05-15F0-4F60-936D-414F72B9CF42'
02-28 21:00:43 com_github_MitjaNemec_ReplicateLayout.replicate_layout 839:Dst fp.id: 'FF916D05-15F0-4F60-936D-414F72B9CF42'
02-28 21:00:43 com_github_MitjaNemec_ReplicateLayout.replicate_layout 792:Net pairs for sheet ['/Relay_channel6/'] :[('/Cell_1-', '/Cell_6+'), ('unconnected-(K1-Pad14)', 'unconnected-(K13-Pad14)'), ('/Relay_channel/cell_in', '/Relay_channel6/cell_in'), ('/Cell_1-', '/Cell_5+'), ('/Relay_channel/cntrl_cell_short', '/Relay_channel6/cntrl_cell_short'), ('/Relay_channel/cntrl_cell_open', '/Relay_channel6/cntrl_cell_open'), ('unconnected-(K2-Pad12)', 'unconnected-(K14-Pad12)'), ('/Relay_channel/cntrl_pwr', '/Relay_channel6/cntrl_pwr')]
02-28 21:00:43 com_github_MitjaNemec_ReplicateLayout.replicate_layout 1020:Replicating tracks on sheet ['/Relay_channel7/']
02-28 21:00:43 com_github_MitjaNemec_ReplicateLayout.replicate_layout 835:Src fp.id: 'FF916D05-15F0-4F60-936D-414F72B9CF42'
02-28 21:00:43 com_github_MitjaNemec_ReplicateLayout.replicate_layout 839:Dst fp.id: 'FF916D05-15F0-4F60-936D-414F72B9CF42'
02-28 21:00:43 com_github_MitjaNemec_ReplicateLayout.replicate_layout 792:Net pairs for sheet ['/Relay_channel7/'] :[('/Cell_1-', '/Cell_6+'), ('/Cell_1-', '/Cell_7+'), ('/Relay_channel/cell_in', '/Relay_channel7/cell_in'), ('/Relay_channel/cntrl_pwr', '/Relay_channel7/cntrl_pwr'), ('/Relay_channel/cntrl_cell_open', '/Relay_channel7/cntrl_cell_open'), ('unconnected-(K2-Pad12)', 'unconnected-(K16-Pad12)'), ('unconnected-(K1-Pad14)', 'unconnected-(K15-Pad14)'), ('/Relay_channel/cntrl_cell_short', '/Relay_channel7/cntrl_cell_short')]
02-28 21:00:43 com_github_MitjaNemec_ReplicateLayout.replicate_layout 1020:Replicating tracks on sheet ['/Relay_channel8/']
02-28 21:00:43 com_github_MitjaNemec_ReplicateLayout.replicate_layout 835:Src fp.id: 'FF916D05-15F0-4F60-936D-414F72B9CF42'
02-28 21:00:43 com_github_MitjaNemec_ReplicateLayout.replicate_layout 839:Dst fp.id: 'FF916D05-15F0-4F60-936D-414F72B9CF42'
02-28 21:00:43 com_github_MitjaNemec_ReplicateLayout.replicate_layout 792:Net pairs for sheet ['/Relay_channel8/'] :[('/Cell_1-', '/Cell_7+'), ('/Relay_channel/cntrl_pwr', '/Relay_channel8/cntrl_pwr'), ('/Cell_1-', '/Cell_8+'), ('unconnected-(K1-Pad14)', 'unconnected-(K17-Pad14)'), ('unconnected-(K2-Pad12)', 'unconnected-(K18-Pad12)'), ('/Relay_channel/cell_in', '/Relay_channel8/cell_in'), ('/Relay_channel/cntrl_cell_short', '/Relay_channel8/cntrl_cell_short'), ('/Relay_channel/cntrl_cell_open', '/Relay_channel8/cntrl_cell_open')]
02-28 21:00:43 root 345:updating GUI with: 92
02-28 21:00:43 com_github_MitjaNemec_ReplicateLayout.replicate_layout 1020:Replicating tracks on sheet ['/Relay_channel9/']
02-28 21:00:43 com_github_MitjaNemec_ReplicateLayout.replicate_layout 835:Src fp.id: 'FF916D05-15F0-4F60-936D-414F72B9CF42'
02-28 21:00:43 com_github_MitjaNemec_ReplicateLayout.replicate_layout 839:Dst fp.id: 'FF916D05-15F0-4F60-936D-414F72B9CF42'
02-28 21:00:43 com_github_MitjaNemec_ReplicateLayout.replicate_layout 792:Net pairs for sheet ['/Relay_channel9/'] :[('unconnected-(K2-Pad12)', 'unconnected-(K20-Pad12)'), ('/Cell_1-', '/Cell_8+'), ('/Relay_channel/cntrl_cell_short', '/Relay_channel9/cntrl_cell_short'), ('/Relay_channel/cntrl_pwr', '/Relay_channel9/cntrl_pwr'), ('/Cell_1-', '/Cell_9+'), ('/Relay_channel/cell_in', '/Relay_channel9/cell_in'), ('/Relay_channel/cntrl_cell_open', '/Relay_channel9/cntrl_cell_open'), ('unconnected-(K1-Pad14)', 'unconnected-(K19-Pad14)')]
02-28 21:00:43 root 340:updating GUI message: 'Replicating zones'
02-28 21:00:43 com_github_MitjaNemec_ReplicateLayout.replicate_layout 1084:Replicating zones
02-28 21:00:43 com_github_MitjaNemec_ReplicateLayout.replicate_layout 1091:Replicating zones on sheet ['/Relay_channel1/']
02-28 21:00:43 com_github_MitjaNemec_ReplicateLayout.replicate_layout 835:Src fp.id: 'FF916D05-15F0-4F60-936D-414F72B9CF42'
02-28 21:00:43 com_github_MitjaNemec_ReplicateLayout.replicate_layout 839:Dst fp.id: 'FF916D05-15F0-4F60-936D-414F72B9CF42'
02-28 21:00:43 com_github_MitjaNemec_ReplicateLayout.replicate_layout 792:Net pairs for sheet ['/Relay_channel1/'] :[('/Cell_1-', '/Cell_1+'), ('/Relay_channel/cntrl_cell_short', '/Relay_channel1/cntrl_cell_short'), ('/Relay_channel/cell_in', '/Relay_channel1/cell_in'), ('unconnected-(K1-Pad14)', 'unconnected-(K3-Pad14)'), ('/Cell_1-', '/Cell_1-'), ('unconnected-(K2-Pad12)', 'unconnected-(K4-Pad12)'), ('/Relay_channel/cntrl_pwr', '/Relay_channel1/cntrl_pwr'), ('/Relay_channel/cntrl_cell_open', '/Relay_channel1/cntrl_cell_open')]
02-28 21:00:43 com_github_MitjaNemec_ReplicateLayout.replicate_layout 1091:Replicating zones on sheet ['/Relay_channel10/']
02-28 21:00:43 com_github_MitjaNemec_ReplicateLayout.replicate_layout 835:Src fp.id: 'FF916D05-15F0-4F60-936D-414F72B9CF42'
02-28 21:00:43 com_github_MitjaNemec_ReplicateLayout.replicate_layout 839:Dst fp.id: 'FF916D05-15F0-4F60-936D-414F72B9CF42'
02-28 21:00:43 com_github_MitjaNemec_ReplicateLayout.replicate_layout 792:Net pairs for sheet ['/Relay_channel10/'] :[('/Cell_1-', '/Cell_10+'), ('/Relay_channel/cell_in', '/Relay_channel10/cell_in'), ('unconnected-(K1-Pad14)', 'unconnected-(K21-Pad14)'), ('/Relay_channel/cntrl_cell_short', '/Relay_channel10/cntrl_cell_short'), ('unconnected-(K2-Pad12)', 'unconnected-(K22-Pad12)'), ('/Relay_channel/cntrl_cell_open', '/Relay_channel10/cntrl_cell_open'), ('/Cell_1-', '/Cell_9+'), ('/Relay_channel/cntrl_pwr', '/Relay_channel10/cntrl_pwr')]
02-28 21:00:43 com_github_MitjaNemec_ReplicateLayout.replicate_layout 1091:Replicating zones on sheet ['/Relay_channel11/']
02-28 21:00:43 com_github_MitjaNemec_ReplicateLayout.replicate_layout 835:Src fp.id: 'FF916D05-15F0-4F60-936D-414F72B9CF42'
02-28 21:00:43 com_github_MitjaNemec_ReplicateLayout.replicate_layout 839:Dst fp.id: 'FF916D05-15F0-4F60-936D-414F72B9CF42'
02-28 21:00:43 com_github_MitjaNemec_ReplicateLayout.replicate_layout 792:Net pairs for sheet ['/Relay_channel11/'] :[('/Cell_1-', '/Cell_10+'), ('unconnected-(K2-Pad12)', 'unconnected-(K24-Pad12)'), ('/Relay_channel/cntrl_cell_open', '/Relay_channel11/cntrl_cell_open'), ('/Relay_channel/cntrl_pwr', '/Relay_channel11/cntrl_pwr'), ('/Relay_channel/cntrl_cell_short', '/Relay_channel11/cntrl_cell_short'), ('/Cell_1-', '/Relay_channel11/cell_short'), ('/Relay_channel/cell_in', '/Relay_channel11/cell_in'), ('unconnected-(K1-Pad14)', 'unconnected-(K23-Pad14)')]
02-28 21:00:43 root 345:updating GUI with: 21
02-28 21:00:43 com_github_MitjaNemec_ReplicateLayout.replicate_layout 1091:Replicating zones on sheet ['/Relay_channel12/']
02-28 21:00:43 com_github_MitjaNemec_ReplicateLayout.replicate_layout 835:Src fp.id: 'FF916D05-15F0-4F60-936D-414F72B9CF42'
02-28 21:00:43 com_github_MitjaNemec_ReplicateLayout.replicate_layout 839:Dst fp.id: 'FF916D05-15F0-4F60-936D-414F72B9CF42'
02-28 21:00:43 com_github_MitjaNemec_ReplicateLayout.replicate_layout 792:Net pairs for sheet ['/Relay_channel12/'] :[('unconnected-(K2-Pad12)', 'unconnected-(K26-Pad12)'), ('/Relay_channel/cntrl_cell_short', '/Relay_channel12/cntrl_cell_short'), ('/Relay_channel/cell_in', '/Relay_channel12/cell_in'), ('/Cell_1-', '/Cell_12+'), ('/Relay_channel/cntrl_cell_open', '/Relay_channel12/cntrl_cell_open'), ('/Cell_1-', '/Cell_11+'), ('unconnected-(K1-Pad14)', 'unconnected-(K25-Pad14)'), ('/Relay_channel/cntrl_pwr', '/Relay_channel12/cntrl_pwr')]
02-28 21:00:43 com_github_MitjaNemec_ReplicateLayout.replicate_layout 1091:Replicating zones on sheet ['/Relay_channel13/']
02-28 21:00:43 com_github_MitjaNemec_ReplicateLayout.replicate_layout 835:Src fp.id: 'FF916D05-15F0-4F60-936D-414F72B9CF42'
02-28 21:00:43 com_github_MitjaNemec_ReplicateLayout.replicate_layout 839:Dst fp.id: 'FF916D05-15F0-4F60-936D-414F72B9CF42'
02-28 21:00:43 com_github_MitjaNemec_ReplicateLayout.replicate_layout 792:Net pairs for sheet ['/Relay_channel13/'] :[('/Relay_channel/cell_in', '/Relay_channel13/cell_in'), ('/Relay_channel/cntrl_cell_short', '/Relay_channel13/cntrl_cell_short'), ('unconnected-(K1-Pad14)', 'unconnected-(K27-Pad14)'), ('/Cell_1-', '/Cell_12+'), ('/Relay_channel/cntrl_cell_open', '/Relay_channel13/cntrl_cell_open'), ('/Relay_channel/cntrl_pwr', '/Relay_channel13/cntrl_pwr'), ('unconnected-(K2-Pad12)', 'unconnected-(K28-Pad12)')]
02-28 21:00:43 com_github_MitjaNemec_ReplicateLayout.replicate_layout 1091:Replicating zones on sheet ['/Relay_channel14/']
02-28 21:00:43 com_github_MitjaNemec_ReplicateLayout.replicate_layout 835:Src fp.id: 'FF916D05-15F0-4F60-936D-414F72B9CF42'
02-28 21:00:43 com_github_MitjaNemec_ReplicateLayout.replicate_layout 839:Dst fp.id: 'FF916D05-15F0-4F60-936D-414F72B9CF42'
02-28 21:00:43 com_github_MitjaNemec_ReplicateLayout.replicate_layout 792:Net pairs for sheet ['/Relay_channel14/'] :[('/Relay_channel/cell_in', '/Relay_channel14/cell_in'), ('/Relay_channel/cntrl_pwr', '/Relay_channel14/cntrl_pwr'), ('/Relay_channel/cntrl_cell_short', '/Relay_channel14/cntrl_cell_short'), ('/Cell_1-', '/Relay_channel14/cell_short'), ('/Cell_1-', '/Cell_12+'), ('unconnected-(K1-Pad14)', 'unconnected-(K29-Pad14)'), ('/Relay_channel/cntrl_cell_open', '/Relay_channel14/cntrl_cell_open'), ('unconnected-(K2-Pad12)', 'unconnected-(K30-Pad12)')]
02-28 21:00:43 com_github_MitjaNemec_ReplicateLayout.replicate_layout 1091:Replicating zones on sheet ['/Relay_channel2/']
02-28 21:00:43 com_github_MitjaNemec_ReplicateLayout.replicate_layout 835:Src fp.id: 'FF916D05-15F0-4F60-936D-414F72B9CF42'
02-28 21:00:43 com_github_MitjaNemec_ReplicateLayout.replicate_layout 839:Dst fp.id: 'FF916D05-15F0-4F60-936D-414F72B9CF42'
02-28 21:00:43 com_github_MitjaNemec_ReplicateLayout.replicate_layout 792:Net pairs for sheet ['/Relay_channel2/'] :[('/Cell_1-', '/Cell_1+'), ('/Relay_channel/cntrl_pwr', '/Relay_channel2/cntrl_pwr'), ('unconnected-(K2-Pad12)', 'unconnected-(K6-Pad12)'), ('/Relay_channel/cell_in', '/Relay_channel2/cell_in'), ('/Relay_channel/cntrl_cell_open', '/Relay_channel2/cntrl_cell_open'), ('/Cell_1-', '/Cell_2+'), ('unconnected-(K1-Pad14)', 'unconnected-(K5-Pad14)'), ('/Relay_channel/cntrl_cell_short', '/Relay_channel2/cntrl_cell_short')]
02-28 21:00:43 root 345:updating GUI with: 50
02-28 21:00:43 com_github_MitjaNemec_ReplicateLayout.replicate_layout 1091:Replicating zones on sheet ['/Relay_channel3/']
02-28 21:00:43 com_github_MitjaNemec_ReplicateLayout.replicate_layout 835:Src fp.id: 'FF916D05-15F0-4F60-936D-414F72B9CF42'
02-28 21:00:43 com_github_MitjaNemec_ReplicateLayout.replicate_layout 839:Dst fp.id: 'FF916D05-15F0-4F60-936D-414F72B9CF42'
02-28 21:00:43 com_github_MitjaNemec_ReplicateLayout.replicate_layout 792:Net pairs for sheet ['/Relay_channel3/'] :[('unconnected-(K1-Pad14)', 'unconnected-(K7-Pad14)'), ('unconnected-(K2-Pad12)', 'unconnected-(K8-Pad12)'), ('/Relay_channel/cntrl_cell_short', '/Relay_channel3/cntrl_cell_short'), ('/Cell_1-', '/Cell_3+'), ('/Relay_channel/cntrl_pwr', '/Relay_channel3/cntrl_pwr'), ('/Cell_1-', '/Cell_2+'), ('/Relay_channel/cntrl_cell_open', '/Relay_channel3/cntrl_cell_open'), ('/Relay_channel/cell_in', '/Relay_channel3/cell_in')]
02-28 21:00:43 com_github_MitjaNemec_ReplicateLayout.replicate_layout 1091:Replicating zones on sheet ['/Relay_channel4/']
02-28 21:00:43 com_github_MitjaNemec_ReplicateLayout.replicate_layout 835:Src fp.id: 'FF916D05-15F0-4F60-936D-414F72B9CF42'
02-28 21:00:43 com_github_MitjaNemec_ReplicateLayout.replicate_layout 839:Dst fp.id: 'FF916D05-15F0-4F60-936D-414F72B9CF42'
02-28 21:00:43 com_github_MitjaNemec_ReplicateLayout.replicate_layout 792:Net pairs for sheet ['/Relay_channel4/'] :[('/Relay_channel/cntrl_pwr', '/Relay_channel4/cntrl_pwr'), ('/Relay_channel/cntrl_cell_short', '/Relay_channel4/cntrl_cell_short'), ('/Relay_channel/cntrl_cell_open', '/Relay_channel4/cntrl_cell_open'), ('/Cell_1-', '/Cell_4+'), ('/Cell_1-', '/Cell_3+'), ('/Relay_channel/cell_in', '/Relay_channel4/cell_in'), ('unconnected-(K2-Pad12)', 'unconnected-(K10-Pad12)'), ('unconnected-(K1-Pad14)', 'unconnected-(K9-Pad14)')]
02-28 21:00:43 com_github_MitjaNemec_ReplicateLayout.replicate_layout 1091:Replicating zones on sheet ['/Relay_channel5/']
02-28 21:00:43 com_github_MitjaNemec_ReplicateLayout.replicate_layout 835:Src fp.id: 'FF916D05-15F0-4F60-936D-414F72B9CF42'
02-28 21:00:43 com_github_MitjaNemec_ReplicateLayout.replicate_layout 839:Dst fp.id: 'FF916D05-15F0-4F60-936D-414F72B9CF42'
02-28 21:00:43 com_github_MitjaNemec_ReplicateLayout.replicate_layout 792:Net pairs for sheet ['/Relay_channel5/'] :[('unconnected-(K2-Pad12)', 'unconnected-(K12-Pad12)'), ('/Relay_channel/cntrl_cell_open', '/Relay_channel5/cntrl_cell_open'), ('unconnected-(K1-Pad14)', 'unconnected-(K11-Pad14)'), ('/Cell_1-', '/Cell_4+'), ('/Relay_channel/cntrl_cell_short', '/Relay_channel5/cntrl_cell_short'), ('/Cell_1-', '/Cell_5+'), ('/Relay_channel/cell_in', '/Relay_channel5/cell_in'), ('/Relay_channel/cntrl_pwr', '/Relay_channel5/cntrl_pwr')]
02-28 21:00:43 com_github_MitjaNemec_ReplicateLayout.replicate_layout 1091:Replicating zones on sheet ['/Relay_channel6/']
02-28 21:00:43 com_github_MitjaNemec_ReplicateLayout.replicate_layout 835:Src fp.id: 'FF916D05-15F0-4F60-936D-414F72B9CF42'
02-28 21:00:43 com_github_MitjaNemec_ReplicateLayout.replicate_layout 839:Dst fp.id: 'FF916D05-15F0-4F60-936D-414F72B9CF42'
02-28 21:00:43 com_github_MitjaNemec_ReplicateLayout.replicate_layout 792:Net pairs for sheet ['/Relay_channel6/'] :[('/Cell_1-', '/Cell_6+'), ('unconnected-(K1-Pad14)', 'unconnected-(K13-Pad14)'), ('/Relay_channel/cell_in', '/Relay_channel6/cell_in'), ('/Cell_1-', '/Cell_5+'), ('/Relay_channel/cntrl_cell_short', '/Relay_channel6/cntrl_cell_short'), ('/Relay_channel/cntrl_cell_open', '/Relay_channel6/cntrl_cell_open'), ('unconnected-(K2-Pad12)', 'unconnected-(K14-Pad12)'), ('/Relay_channel/cntrl_pwr', '/Relay_channel6/cntrl_pwr')]
02-28 21:00:43 root 345:updating GUI with: 78
02-28 21:00:43 com_github_MitjaNemec_ReplicateLayout.replicate_layout 1091:Replicating zones on sheet ['/Relay_channel7/']
02-28 21:00:43 com_github_MitjaNemec_ReplicateLayout.replicate_layout 835:Src fp.id: 'FF916D05-15F0-4F60-936D-414F72B9CF42'
02-28 21:00:43 com_github_MitjaNemec_ReplicateLayout.replicate_layout 839:Dst fp.id: 'FF916D05-15F0-4F60-936D-414F72B9CF42'
02-28 21:00:43 com_github_MitjaNemec_ReplicateLayout.replicate_layout 792:Net pairs for sheet ['/Relay_channel7/'] :[('/Cell_1-', '/Cell_6+'), ('/Cell_1-', '/Cell_7+'), ('/Relay_channel/cell_in', '/Relay_channel7/cell_in'), ('/Relay_channel/cntrl_pwr', '/Relay_channel7/cntrl_pwr'), ('/Relay_channel/cntrl_cell_open', '/Relay_channel7/cntrl_cell_open'), ('unconnected-(K2-Pad12)', 'unconnected-(K16-Pad12)'), ('unconnected-(K1-Pad14)', 'unconnected-(K15-Pad14)'), ('/Relay_channel/cntrl_cell_short', '/Relay_channel7/cntrl_cell_short')]
02-28 21:00:43 com_github_MitjaNemec_ReplicateLayout.replicate_layout 1091:Replicating zones on sheet ['/Relay_channel8/']
02-28 21:00:43 com_github_MitjaNemec_ReplicateLayout.replicate_layout 835:Src fp.id: 'FF916D05-15F0-4F60-936D-414F72B9CF42'
02-28 21:00:43 com_github_MitjaNemec_ReplicateLayout.replicate_layout 839:Dst fp.id: 'FF916D05-15F0-4F60-936D-414F72B9CF42'
02-28 21:00:43 com_github_MitjaNemec_ReplicateLayout.replicate_layout 792:Net pairs for sheet ['/Relay_channel8/'] :[('/Cell_1-', '/Cell_7+'), ('/Relay_channel/cntrl_pwr', '/Relay_channel8/cntrl_pwr'), ('/Cell_1-', '/Cell_8+'), ('unconnected-(K1-Pad14)', 'unconnected-(K17-Pad14)'), ('unconnected-(K2-Pad12)', 'unconnected-(K18-Pad12)'), ('/Relay_channel/cell_in', '/Relay_channel8/cell_in'), ('/Relay_channel/cntrl_cell_short', '/Relay_channel8/cntrl_cell_short'), ('/Relay_channel/cntrl_cell_open', '/Relay_channel8/cntrl_cell_open')]
02-28 21:00:43 com_github_MitjaNemec_ReplicateLayout.replicate_layout 1091:Replicating zones on sheet ['/Relay_channel9/']
02-28 21:00:43 com_github_MitjaNemec_ReplicateLayout.replicate_layout 835:Src fp.id: 'FF916D05-15F0-4F60-936D-414F72B9CF42'
02-28 21:00:43 com_github_MitjaNemec_ReplicateLayout.replicate_layout 839:Dst fp.id: 'FF916D05-15F0-4F60-936D-414F72B9CF42'
02-28 21:00:43 com_github_MitjaNemec_ReplicateLayout.replicate_layout 792:Net pairs for sheet ['/Relay_channel9/'] :[('unconnected-(K2-Pad12)', 'unconnected-(K20-Pad12)'), ('/Cell_1-', '/Cell_8+'), ('/Relay_channel/cntrl_cell_short', '/Relay_channel9/cntrl_cell_short'), ('/Relay_channel/cntrl_pwr', '/Relay_channel9/cntrl_pwr'), ('/Cell_1-', '/Cell_9+'), ('/Relay_channel/cell_in', '/Relay_channel9/cell_in'), ('/Relay_channel/cntrl_cell_open', '/Relay_channel9/cntrl_cell_open'), ('unconnected-(K1-Pad14)', 'unconnected-(K19-Pad14)')]
02-28 21:00:43 root 340:updating GUI message: 'Replicating text'
02-28 21:00:43 com_github_MitjaNemec_ReplicateLayout.replicate_layout 1173:Replicating text
02-28 21:00:43 com_github_MitjaNemec_ReplicateLayout.replicate_layout 1180:Replicating text on sheet ['/Relay_channel1/']
02-28 21:00:43 com_github_MitjaNemec_ReplicateLayout.replicate_layout 835:Src fp.id: 'FF916D05-15F0-4F60-936D-414F72B9CF42'
02-28 21:00:43 com_github_MitjaNemec_ReplicateLayout.replicate_layout 839:Dst fp.id: 'FF916D05-15F0-4F60-936D-414F72B9CF42'
02-28 21:00:43 com_github_MitjaNemec_ReplicateLayout.replicate_layout 1180:Replicating text on sheet ['/Relay_channel10/']
02-28 21:00:43 com_github_MitjaNemec_ReplicateLayout.replicate_layout 835:Src fp.id: 'FF916D05-15F0-4F60-936D-414F72B9CF42'
02-28 21:00:43 com_github_MitjaNemec_ReplicateLayout.replicate_layout 839:Dst fp.id: 'FF916D05-15F0-4F60-936D-414F72B9CF42'
02-28 21:00:43 com_github_MitjaNemec_ReplicateLayout.replicate_layout 1180:Replicating text on sheet ['/Relay_channel11/']
02-28 21:00:43 com_github_MitjaNemec_ReplicateLayout.replicate_layout 835:Src fp.id: 'FF916D05-15F0-4F60-936D-414F72B9CF42'
02-28 21:00:43 com_github_MitjaNemec_ReplicateLayout.replicate_layout 839:Dst fp.id: 'FF916D05-15F0-4F60-936D-414F72B9CF42'
02-28 21:00:43 root 345:updating GUI with: 21
02-28 21:00:43 com_github_MitjaNemec_ReplicateLayout.replicate_layout 1180:Replicating text on sheet ['/Relay_channel12/']
02-28 21:00:43 com_github_MitjaNemec_ReplicateLayout.replicate_layout 835:Src fp.id: 'FF916D05-15F0-4F60-936D-414F72B9CF42'
02-28 21:00:43 com_github_MitjaNemec_ReplicateLayout.replicate_layout 839:Dst fp.id: 'FF916D05-15F0-4F60-936D-414F72B9CF42'
02-28 21:00:43 com_github_MitjaNemec_ReplicateLayout.replicate_layout 1180:Replicating text on sheet ['/Relay_channel13/']
02-28 21:00:43 com_github_MitjaNemec_ReplicateLayout.replicate_layout 835:Src fp.id: 'FF916D05-15F0-4F60-936D-414F72B9CF42'
02-28 21:00:43 com_github_MitjaNemec_ReplicateLayout.replicate_layout 839:Dst fp.id: 'FF916D05-15F0-4F60-936D-414F72B9CF42'
02-28 21:00:43 com_github_MitjaNemec_ReplicateLayout.replicate_layout 1180:Replicating text on sheet ['/Relay_channel14/']
02-28 21:00:43 com_github_MitjaNemec_ReplicateLayout.replicate_layout 835:Src fp.id: 'FF916D05-15F0-4F60-936D-414F72B9CF42'
02-28 21:00:43 com_github_MitjaNemec_ReplicateLayout.replicate_layout 839:Dst fp.id: 'FF916D05-15F0-4F60-936D-414F72B9CF42'
02-28 21:00:43 com_github_MitjaNemec_ReplicateLayout.replicate_layout 1180:Replicating text on sheet ['/Relay_channel2/']
02-28 21:00:43 com_github_MitjaNemec_ReplicateLayout.replicate_layout 835:Src fp.id: 'FF916D05-15F0-4F60-936D-414F72B9CF42'
02-28 21:00:43 com_github_MitjaNemec_ReplicateLayout.replicate_layout 839:Dst fp.id: 'FF916D05-15F0-4F60-936D-414F72B9CF42'
02-28 21:00:43 com_github_MitjaNemec_ReplicateLayout.replicate_layout 1180:Replicating text on sheet ['/Relay_channel3/']
02-28 21:00:43 com_github_MitjaNemec_ReplicateLayout.replicate_layout 835:Src fp.id: 'FF916D05-15F0-4F60-936D-414F72B9CF42'
02-28 21:00:43 com_github_MitjaNemec_ReplicateLayout.replicate_layout 839:Dst fp.id: 'FF916D05-15F0-4F60-936D-414F72B9CF42'
02-28 21:00:43 com_github_MitjaNemec_ReplicateLayout.replicate_layout 1180:Replicating text on sheet ['/Relay_channel4/']
02-28 21:00:43 com_github_MitjaNemec_ReplicateLayout.replicate_layout 835:Src fp.id: 'FF916D05-15F0-4F60-936D-414F72B9CF42'
02-28 21:00:43 com_github_MitjaNemec_ReplicateLayout.replicate_layout 839:Dst fp.id: 'FF916D05-15F0-4F60-936D-414F72B9CF42'
02-28 21:00:43 com_github_MitjaNemec_ReplicateLayout.replicate_layout 1180:Replicating text on sheet ['/Relay_channel5/']
02-28 21:00:43 com_github_MitjaNemec_ReplicateLayout.replicate_layout 835:Src fp.id: 'FF916D05-15F0-4F60-936D-414F72B9CF42'
02-28 21:00:43 com_github_MitjaNemec_ReplicateLayout.replicate_layout 839:Dst fp.id: 'FF916D05-15F0-4F60-936D-414F72B9CF42'
02-28 21:00:43 com_github_MitjaNemec_ReplicateLayout.replicate_layout 1180:Replicating text on sheet ['/Relay_channel6/']
02-28 21:00:43 com_github_MitjaNemec_ReplicateLayout.replicate_layout 835:Src fp.id: 'FF916D05-15F0-4F60-936D-414F72B9CF42'
02-28 21:00:43 com_github_MitjaNemec_ReplicateLayout.replicate_layout 839:Dst fp.id: 'FF916D05-15F0-4F60-936D-414F72B9CF42'
02-28 21:00:43 com_github_MitjaNemec_ReplicateLayout.replicate_layout 1180:Replicating text on sheet ['/Relay_channel7/']
02-28 21:00:43 com_github_MitjaNemec_ReplicateLayout.replicate_layout 835:Src fp.id: 'FF916D05-15F0-4F60-936D-414F72B9CF42'
02-28 21:00:43 com_github_MitjaNemec_ReplicateLayout.replicate_layout 839:Dst fp.id: 'FF916D05-15F0-4F60-936D-414F72B9CF42'
02-28 21:00:43 com_github_MitjaNemec_ReplicateLayout.replicate_layout 1180:Replicating text on sheet ['/Relay_channel8/']
02-28 21:00:43 com_github_MitjaNemec_ReplicateLayout.replicate_layout 835:Src fp.id: 'FF916D05-15F0-4F60-936D-414F72B9CF42'
02-28 21:00:43 com_github_MitjaNemec_ReplicateLayout.replicate_layout 839:Dst fp.id: 'FF916D05-15F0-4F60-936D-414F72B9CF42'
02-28 21:00:43 com_github_MitjaNemec_ReplicateLayout.replicate_layout 1180:Replicating text on sheet ['/Relay_channel9/']
02-28 21:00:43 com_github_MitjaNemec_ReplicateLayout.replicate_layout 835:Src fp.id: 'FF916D05-15F0-4F60-936D-414F72B9CF42'
02-28 21:00:43 com_github_MitjaNemec_ReplicateLayout.replicate_layout 839:Dst fp.id: 'FF916D05-15F0-4F60-936D-414F72B9CF42'
02-28 21:00:43 root 340:updating GUI message: 'Replicating drawings'
02-28 21:00:43 com_github_MitjaNemec_ReplicateLayout.replicate_layout 1224:Replicating drawings
02-28 21:00:43 com_github_MitjaNemec_ReplicateLayout.replicate_layout 1230:Replicating drawings on sheet ['/Relay_channel1/']
02-28 21:00:43 com_github_MitjaNemec_ReplicateLayout.replicate_layout 835:Src fp.id: 'FF916D05-15F0-4F60-936D-414F72B9CF42'
02-28 21:00:43 com_github_MitjaNemec_ReplicateLayout.replicate_layout 839:Dst fp.id: 'FF916D05-15F0-4F60-936D-414F72B9CF42'
02-28 21:00:43 com_github_MitjaNemec_ReplicateLayout.replicate_layout 1230:Replicating drawings on sheet ['/Relay_channel10/']
02-28 21:00:43 com_github_MitjaNemec_ReplicateLayout.replicate_layout 835:Src fp.id: 'FF916D05-15F0-4F60-936D-414F72B9CF42'
02-28 21:00:43 com_github_MitjaNemec_ReplicateLayout.replicate_layout 839:Dst fp.id: 'FF916D05-15F0-4F60-936D-414F72B9CF42'
02-28 21:00:43 com_github_MitjaNemec_ReplicateLayout.replicate_layout 1230:Replicating drawings on sheet ['/Relay_channel11/']
02-28 21:00:43 com_github_MitjaNemec_ReplicateLayout.replicate_layout 835:Src fp.id: 'FF916D05-15F0-4F60-936D-414F72B9CF42'
02-28 21:00:43 com_github_MitjaNemec_ReplicateLayout.replicate_layout 839:Dst fp.id: 'FF916D05-15F0-4F60-936D-414F72B9CF42'
02-28 21:00:43 com_github_MitjaNemec_ReplicateLayout.replicate_layout 1230:Replicating drawings on sheet ['/Relay_channel12/']
02-28 21:00:43 com_github_MitjaNemec_ReplicateLayout.replicate_layout 835:Src fp.id: 'FF916D05-15F0-4F60-936D-414F72B9CF42'
02-28 21:00:43 com_github_MitjaNemec_ReplicateLayout.replicate_layout 839:Dst fp.id: 'FF916D05-15F0-4F60-936D-414F72B9CF42'
02-28 21:00:43 com_github_MitjaNemec_ReplicateLayout.replicate_layout 1230:Replicating drawings on sheet ['/Relay_channel13/']
02-28 21:00:43 com_github_MitjaNemec_ReplicateLayout.replicate_layout 835:Src fp.id: 'FF916D05-15F0-4F60-936D-414F72B9CF42'
02-28 21:00:43 com_github_MitjaNemec_ReplicateLayout.replicate_layout 839:Dst fp.id: 'FF916D05-15F0-4F60-936D-414F72B9CF42'
02-28 21:00:43 com_github_MitjaNemec_ReplicateLayout.replicate_layout 1230:Replicating drawings on sheet ['/Relay_channel14/']
02-28 21:00:43 com_github_MitjaNemec_ReplicateLayout.replicate_layout 835:Src fp.id: 'FF916D05-15F0-4F60-936D-414F72B9CF42'
02-28 21:00:43 com_github_MitjaNemec_ReplicateLayout.replicate_layout 839:Dst fp.id: 'FF916D05-15F0-4F60-936D-414F72B9CF42'
02-28 21:00:43 com_github_MitjaNemec_ReplicateLayout.replicate_layout 1230:Replicating drawings on sheet ['/Relay_channel2/']
02-28 21:00:43 com_github_MitjaNemec_ReplicateLayout.replicate_layout 835:Src fp.id: 'FF916D05-15F0-4F60-936D-414F72B9CF42'
02-28 21:00:43 com_github_MitjaNemec_ReplicateLayout.replicate_layout 839:Dst fp.id: 'FF916D05-15F0-4F60-936D-414F72B9CF42'
02-28 21:00:43 com_github_MitjaNemec_ReplicateLayout.replicate_layout 1230:Replicating drawings on sheet ['/Relay_channel3/']
02-28 21:00:43 com_github_MitjaNemec_ReplicateLayout.replicate_layout 835:Src fp.id: 'FF916D05-15F0-4F60-936D-414F72B9CF42'
02-28 21:00:43 com_github_MitjaNemec_ReplicateLayout.replicate_layout 839:Dst fp.id: 'FF916D05-15F0-4F60-936D-414F72B9CF42'
02-28 21:00:43 com_github_MitjaNemec_ReplicateLayout.replicate_layout 1230:Replicating drawings on sheet ['/Relay_channel4/']
02-28 21:00:43 com_github_MitjaNemec_ReplicateLayout.replicate_layout 835:Src fp.id: 'FF916D05-15F0-4F60-936D-414F72B9CF42'
02-28 21:00:43 com_github_MitjaNemec_ReplicateLayout.replicate_layout 839:Dst fp.id: 'FF916D05-15F0-4F60-936D-414F72B9CF42'
02-28 21:00:43 com_github_MitjaNemec_ReplicateLayout.replicate_layout 1230:Replicating drawings on sheet ['/Relay_channel5/']
02-28 21:00:43 com_github_MitjaNemec_ReplicateLayout.replicate_layout 835:Src fp.id: 'FF916D05-15F0-4F60-936D-414F72B9CF42'
02-28 21:00:43 com_github_MitjaNemec_ReplicateLayout.replicate_layout 839:Dst fp.id: 'FF916D05-15F0-4F60-936D-414F72B9CF42'
02-28 21:00:43 com_github_MitjaNemec_ReplicateLayout.replicate_layout 1230:Replicating drawings on sheet ['/Relay_channel6/']
02-28 21:00:43 com_github_MitjaNemec_ReplicateLayout.replicate_layout 835:Src fp.id: 'FF916D05-15F0-4F60-936D-414F72B9CF42'
02-28 21:00:43 com_github_MitjaNemec_ReplicateLayout.replicate_layout 839:Dst fp.id: 'FF916D05-15F0-4F60-936D-414F72B9CF42'
02-28 21:00:43 com_github_MitjaNemec_ReplicateLayout.replicate_layout 1230:Replicating drawings on sheet ['/Relay_channel7/']
02-28 21:00:43 com_github_MitjaNemec_ReplicateLayout.replicate_layout 835:Src fp.id: 'FF916D05-15F0-4F60-936D-414F72B9CF42'
02-28 21:00:43 com_github_MitjaNemec_ReplicateLayout.replicate_layout 839:Dst fp.id: 'FF916D05-15F0-4F60-936D-414F72B9CF42'
02-28 21:00:43 com_github_MitjaNemec_ReplicateLayout.replicate_layout 1230:Replicating drawings on sheet ['/Relay_channel8/']
02-28 21:00:43 com_github_MitjaNemec_ReplicateLayout.replicate_layout 835:Src fp.id: 'FF916D05-15F0-4F60-936D-414F72B9CF42'
02-28 21:00:43 com_github_MitjaNemec_ReplicateLayout.replicate_layout 839:Dst fp.id: 'FF916D05-15F0-4F60-936D-414F72B9CF42'
02-28 21:00:43 com_github_MitjaNemec_ReplicateLayout.replicate_layout 1230:Replicating drawings on sheet ['/Relay_channel9/']
02-28 21:00:43 com_github_MitjaNemec_ReplicateLayout.replicate_layout 835:Src fp.id: 'FF916D05-15F0-4F60-936D-414F72B9CF42'
02-28 21:00:43 com_github_MitjaNemec_ReplicateLayout.replicate_layout 839:Dst fp.id: 'FF916D05-15F0-4F60-936D-414F72B9CF42'
02-28 21:00:43 com_github_MitjaNemec_ReplicateLayout.action_replicate_layout 264:Replication complete
