02-28 22:56:31 com_github_MitjaNemec_PlaceFootprints.action_place_footprints 674:Plugin executed on: 'linux'
02-28 22:56:31 com_github_MitjaNemec_PlaceFootprints.action_place_footprints 675:Plugin executed with python version: '3.13.11 (main, Nov 10 2011, 15:00:00) [GCC 15.2.0]'
02-28 22:56:31 com_github_MitjaNemec_PlaceFootprints.action_place_footprints 676:KiCad build version: 9.0.7
02-28 22:56:31 com_github_MitjaNemec_PlaceFootprints.action_place_footprints 677:Plugin version: 4.0.1
02-28 22:56:31 com_github_MitjaNemec_PlaceFootprints.action_place_footprints 678:Frame repr: <wx._core.Frame object at 0x765e689a8b00>
02-28 22:56:31 com_github_MitjaNemec_PlaceFootprints.place_footprints 121:getting a list of all footprints on board
02-28 22:56:31 com_github_MitjaNemec_PlaceFootprints.place_footprints 156:Footprint J4 on root level
02-28 22:56:31 com_github_MitjaNemec_PlaceFootprints.place_footprints 156:Footprint J1 on root level
02-28 22:56:31 com_github_MitjaNemec_PlaceFootprints.action_place_footprints 717:Reference footprint='U1'
02-28 22:56:33 com_github_MitjaNemec_PlaceFootprints.action_place_footprints 858:Reference designator is: U
02-28 22:56:33 com_github_MitjaNemec_PlaceFootprints.action_place_footprints 859:Reference number is: 1
02-28 22:56:33 com_github_MitjaNemec_PlaceFootprints.action_place_footprints 891:Sorted and filtered list:
['U1', 'U2', 'U3', 'U4']
02-28 22:56:33 com_github_MitjaNemec_PlaceFootprints.action_place_footprints 376:wx.Colour(44, 44, 44, 255)
02-28 22:56:40 com_github_MitjaNemec_PlaceFootprints.action_place_footprints 507:'0'
02-28 22:56:40 com_github_MitjaNemec_PlaceFootprints.action_place_footprints 553:Preparing config for reference linear
02-28 22:56:40 com_github_MitjaNemec_PlaceFootprints.action_place_footprints 573:Saving config file
02-28 22:56:40 com_github_MitjaNemec_PlaceFootprints.action_place_footprints 575:Saved the config file
02-28 22:56:40 com_github_MitjaNemec_PlaceFootprints.action_place_footprints 929:Footprints to place:
['U1', 'U2', 'U3', 'U4']
02-28 22:56:40 com_github_MitjaNemec_PlaceFootprints.place_footprints 396:Starting placing with linear layout
02-28 22:56:40 com_github_MitjaNemec_PlaceFootprints.action_place_footprints 970:Placing complete
